-------------- LOG FILE FOR SQL --------------
2023-03-09 21:40:21,619    INFO               sql.py:  46 -             SQL.  execute_values() INSERT INTO submissions_user_engagement(submission_id,user_engagement,spine_body) VALUES %s
2023-03-09 21:40:21,620    INFO               sql.py:  56 -             SQL.  execute_values() the dataframe is inserted
2023-03-09 21:40:30,418    INFO               sql.py:  46 -             SQL.  execute_values() INSERT INTO submissions_user_engagement(submission_id,user_engagement,spine_body) VALUES %s
2023-03-09 21:40:30,419    INFO               sql.py:  56 -             SQL.  execute_values() the dataframe is inserted
2023-03-09 21:43:13,028    INFO               sql.py:  46 -             SQL.  execute_values() INSERT INTO submissions(title,score,submission_id,url,comments_num,created,body,subreddit_id,subreddit_display_name) VALUES %s
2023-03-09 21:43:13,032    INFO               sql.py:  56 -             SQL.  execute_values() the dataframe is inserted
2023-03-09 21:43:23,313    INFO               sql.py:  46 -             SQL.  execute_values() INSERT INTO reddit_comments(comment_id,parent_id,submission_id,body) VALUES %s
2023-03-09 21:43:23,313    INFO               sql.py:  56 -             SQL.  execute_values() the dataframe is inserted
2023-03-09 21:43:33,547    INFO               sql.py:  46 -             SQL.  execute_values() INSERT INTO reddit_comments(comment_id,parent_id,submission_id,body) VALUES %s
2023-03-09 21:43:33,547    INFO               sql.py:  56 -             SQL.  execute_values() the dataframe is inserted
2023-03-09 21:43:44,206    INFO               sql.py:  46 -             SQL.  execute_values() INSERT INTO reddit_comments(comment_id,parent_id,submission_id,body) VALUES %s
2023-03-09 21:43:44,206    INFO               sql.py:  56 -             SQL.  execute_values() the dataframe is inserted
2023-03-09 21:43:54,476    INFO               sql.py:  46 -             SQL.  execute_values() INSERT INTO reddit_comments(comment_id,parent_id,submission_id,body) VALUES %s
2023-03-09 21:43:54,476    INFO               sql.py:  56 -             SQL.  execute_values() the dataframe is inserted
2023-03-09 21:44:04,784    INFO               sql.py:  46 -             SQL.  execute_values() INSERT INTO reddit_comments(comment_id,parent_id,submission_id,body) VALUES %s
2023-03-09 21:44:04,788    INFO               sql.py:  56 -             SQL.  execute_values() the dataframe is inserted
2023-03-09 21:44:15,205    INFO               sql.py:  46 -             SQL.  execute_values() INSERT INTO reddit_comments(comment_id,parent_id,submission_id,body) VALUES %s
2023-03-09 21:44:15,218    INFO               sql.py:  56 -             SQL.  execute_values() the dataframe is inserted
2023-03-09 21:44:25,468    INFO               sql.py:  46 -             SQL.  execute_values() INSERT INTO reddit_comments(comment_id,parent_id,submission_id,body) VALUES %s
2023-03-09 21:44:25,469    INFO               sql.py:  56 -             SQL.  execute_values() the dataframe is inserted
2023-03-09 21:44:35,918    INFO               sql.py:  46 -             SQL.  execute_values() INSERT INTO reddit_comments(comment_id,parent_id,submission_id,body) VALUES %s
2023-03-09 21:44:35,920    INFO               sql.py:  56 -             SQL.  execute_values() the dataframe is inserted
2023-03-09 21:44:47,920    INFO               sql.py:  46 -             SQL.  execute_values() INSERT INTO reddit_comments(comment_id,parent_id,submission_id,body) VALUES %s
2023-03-09 21:44:47,941    INFO               sql.py:  56 -             SQL.  execute_values() the dataframe is inserted
2023-03-09 21:44:58,376    INFO               sql.py:  46 -             SQL.  execute_values() INSERT INTO reddit_comments(comment_id,parent_id,submission_id,body) VALUES %s
2023-03-09 21:44:58,390    INFO               sql.py:  56 -             SQL.  execute_values() the dataframe is inserted
2023-03-09 21:45:04,643    INFO               sql.py:  46 -             SQL.  execute_values() INSERT INTO reddit_comments(comment_id,parent_id,submission_id,body) VALUES %s
2023-03-09 21:45:04,643    INFO               sql.py:  56 -             SQL.  execute_values() the dataframe is inserted
2023-03-09 21:45:07,895    INFO               sql.py:  46 -             SQL.  execute_values() INSERT INTO reddit_comments(comment_id,parent_id,submission_id,body) VALUES %s
2023-03-09 21:45:07,895    INFO               sql.py:  56 -             SQL.  execute_values() the dataframe is inserted
2023-03-09 21:45:10,168    INFO               sql.py:  46 -             SQL.  execute_values() INSERT INTO reddit_comments(comment_id,parent_id,submission_id,body) VALUES %s
2023-03-09 21:45:10,168    INFO               sql.py:  56 -             SQL.  execute_values() the dataframe is inserted
2023-03-09 21:45:11,916    INFO               sql.py:  46 -             SQL.  execute_values() INSERT INTO reddit_comments(comment_id,parent_id,submission_id,body) VALUES %s
2023-03-09 21:45:11,916    INFO               sql.py:  56 -             SQL.  execute_values() the dataframe is inserted
2023-03-09 21:45:13,221    INFO               sql.py:  46 -             SQL.  execute_values() INSERT INTO reddit_comments(comment_id,parent_id,submission_id,body) VALUES %s
2023-03-09 21:45:13,221    INFO               sql.py:  56 -             SQL.  execute_values() the dataframe is inserted
2023-03-09 21:45:14,513    INFO               sql.py:  46 -             SQL.  execute_values() INSERT INTO reddit_comments(comment_id,parent_id,submission_id,body) VALUES %s
2023-03-09 21:45:14,516    INFO               sql.py:  56 -             SQL.  execute_values() the dataframe is inserted
2023-03-09 21:45:15,755    INFO               sql.py:  46 -             SQL.  execute_values() INSERT INTO reddit_comments(comment_id,parent_id,submission_id,body) VALUES %s
2023-03-09 21:45:15,798    INFO               sql.py:  56 -             SQL.  execute_values() the dataframe is inserted
2023-03-09 21:45:17,025    INFO               sql.py:  46 -             SQL.  execute_values() INSERT INTO reddit_comments(comment_id,parent_id,submission_id,body) VALUES %s
2023-03-09 21:45:17,025    INFO               sql.py:  56 -             SQL.  execute_values() the dataframe is inserted
2023-03-09 21:45:17,770    INFO               sql.py:  46 -             SQL.  execute_values() INSERT INTO reddit_comments(comment_id,parent_id,submission_id,body) VALUES %s
2023-03-09 21:45:17,770    INFO               sql.py:  56 -             SQL.  execute_values() the dataframe is inserted
2023-03-09 21:45:20,654    INFO               sql.py:  46 -             SQL.  execute_values() INSERT INTO reddit_comments(comment_id,parent_id,submission_id,body) VALUES %s
2023-03-09 21:45:20,668    INFO               sql.py:  56 -             SQL.  execute_values() the dataframe is inserted
2023-03-09 21:45:20,936    INFO               sql.py:  46 -             SQL.  execute_values() INSERT INTO reddit_comments(comment_id,parent_id,submission_id,body) VALUES %s
2023-03-09 21:45:20,936    INFO               sql.py:  56 -             SQL.  execute_values() the dataframe is inserted
2023-03-09 21:45:21,702    INFO               sql.py:  46 -             SQL.  execute_values() INSERT INTO reddit_comments(comment_id,parent_id,submission_id,body) VALUES %s
2023-03-09 21:45:21,704    INFO               sql.py:  56 -             SQL.  execute_values() the dataframe is inserted
2023-03-09 21:45:22,443    INFO               sql.py:  46 -             SQL.  execute_values() INSERT INTO reddit_comments(comment_id,parent_id,submission_id,body) VALUES %s
2023-03-09 21:45:22,443    INFO               sql.py:  56 -             SQL.  execute_values() the dataframe is inserted
2023-03-09 21:45:55,464    INFO               sql.py:  46 -             SQL.  execute_values() INSERT INTO submissions_user_engagement(submission_id,user_engagement,spine_body) VALUES %s
2023-03-09 21:45:55,481    INFO               sql.py:  56 -             SQL.  execute_values() the dataframe is inserted
2023-03-09 21:53:00,372    INFO               sql.py:  52 -             SQL.  execute_values() Error: duplicate key value violates unique constraint "submissions_pkey"
DETAIL:  Key (submission_id)=(11giwi7) already exists.

2023-03-09 21:53:20,985    INFO               sql.py:  52 -             SQL.  execute_values() Error: duplicate key value violates unique constraint "submissions_pkey"
DETAIL:  Key (submission_id)=(1003juy) already exists.

2023-03-09 21:53:41,667    INFO               sql.py:  52 -             SQL.  execute_values() Error: duplicate key value violates unique constraint "submissions_pkey"
DETAIL:  Key (submission_id)=(6yfoeo) already exists.

2023-03-09 21:54:02,267    INFO               sql.py:  52 -             SQL.  execute_values() Error: duplicate key value violates unique constraint "submissions_pkey"
DETAIL:  Key (submission_id)=(zh922v) already exists.

2023-03-09 21:54:23,305    INFO               sql.py:  52 -             SQL.  execute_values() Error: duplicate key value violates unique constraint "submissions_pkey"
DETAIL:  Key (submission_id)=(fh9wqi) already exists.

2023-03-09 21:54:33,553    INFO               sql.py:  56 -             SQL.  execute_values() the dataframe is inserted
2023-03-09 21:54:43,803    INFO               sql.py:  56 -             SQL.  execute_values() the dataframe is inserted
2023-03-09 21:54:54,100    INFO               sql.py:  56 -             SQL.  execute_values() the dataframe is inserted
2023-03-09 21:55:02,896    INFO               sql.py:  56 -             SQL.  execute_values() the dataframe is inserted
2023-03-09 21:55:07,635    INFO               sql.py:  56 -             SQL.  execute_values() the dataframe is inserted
2023-03-09 21:55:10,425    INFO               sql.py:  56 -             SQL.  execute_values() the dataframe is inserted
2023-03-09 21:55:12,215    INFO               sql.py:  56 -             SQL.  execute_values() the dataframe is inserted
2023-03-09 21:55:14,312    INFO               sql.py:  56 -             SQL.  execute_values() the dataframe is inserted
2023-03-09 21:55:15,552    INFO               sql.py:  56 -             SQL.  execute_values() the dataframe is inserted
2023-03-09 21:55:16,329    INFO               sql.py:  56 -             SQL.  execute_values() the dataframe is inserted
2023-03-09 21:55:17,634    INFO               sql.py:  56 -             SQL.  execute_values() the dataframe is inserted
2023-03-09 21:55:18,393    INFO               sql.py:  56 -             SQL.  execute_values() the dataframe is inserted
2023-03-09 21:55:19,130    INFO               sql.py:  56 -             SQL.  execute_values() the dataframe is inserted
2023-03-09 21:55:20,424    INFO               sql.py:  56 -             SQL.  execute_values() the dataframe is inserted
2023-03-09 21:55:20,437    INFO               sql.py:  56 -             SQL.  execute_values() the dataframe is inserted
2023-03-09 21:59:29,386    INFO               sql.py:  55 -             SQL.  execute_values() Error: duplicate key value violates unique constraint "submissions_pkey"
DETAIL:  Key (submission_id)=(11giwi7) already exists.

2023-03-09 21:59:29,948    INFO               sql.py:  55 -             SQL.  execute_values() Error: duplicate key value violates unique constraint "submissions_pkey"
DETAIL:  Key (submission_id)=(1003juy) already exists.

2023-03-09 21:59:30,794    INFO               sql.py:  55 -             SQL.  execute_values() Error: duplicate key value violates unique constraint "submissions_pkey"
DETAIL:  Key (submission_id)=(6yfoeo) already exists.

2023-03-09 21:59:31,381    INFO               sql.py:  55 -             SQL.  execute_values() Error: duplicate key value violates unique constraint "submissions_pkey"
DETAIL:  Key (submission_id)=(zh922v) already exists.

2023-03-09 21:59:32,274    INFO               sql.py:  55 -             SQL.  execute_values() Error: duplicate key value violates unique constraint "submissions_pkey"
DETAIL:  Key (submission_id)=(fh9wqi) already exists.

2023-03-09 21:59:32,582    INFO               sql.py:  59 -             SQL.  execute_values() the dataframe is inserted
2023-03-09 21:59:32,829    INFO               sql.py:  59 -             SQL.  execute_values() the dataframe is inserted
2023-03-09 21:59:33,113    INFO               sql.py:  59 -             SQL.  execute_values() the dataframe is inserted
2023-03-09 21:59:33,389    INFO               sql.py:  59 -             SQL.  execute_values() the dataframe is inserted
2023-03-09 21:59:33,646    INFO               sql.py:  59 -             SQL.  execute_values() the dataframe is inserted
2023-03-09 21:59:34,258    INFO               sql.py:  59 -             SQL.  execute_values() the dataframe is inserted
2023-03-09 21:59:34,531    INFO               sql.py:  59 -             SQL.  execute_values() the dataframe is inserted
2023-03-09 21:59:34,833    INFO               sql.py:  59 -             SQL.  execute_values() the dataframe is inserted
2023-03-09 21:59:35,082    INFO               sql.py:  59 -             SQL.  execute_values() the dataframe is inserted
2023-03-09 21:59:35,333    INFO               sql.py:  59 -             SQL.  execute_values() the dataframe is inserted
2023-03-09 21:59:35,606    INFO               sql.py:  59 -             SQL.  execute_values() the dataframe is inserted
2023-03-09 21:59:35,892    INFO               sql.py:  59 -             SQL.  execute_values() the dataframe is inserted
2023-03-09 21:59:36,182    INFO               sql.py:  59 -             SQL.  execute_values() the dataframe is inserted
2023-03-09 21:59:36,492    INFO               sql.py:  59 -             SQL.  execute_values() the dataframe is inserted
2023-03-09 21:59:36,507    INFO               sql.py:  59 -             SQL.  execute_values() the dataframe is inserted
2023-03-10 21:46:08,351    INFO               sql.py:  55 -             SQL.  execute_values() Error: duplicate key value violates unique constraint "submissions_pkey"
DETAIL:  Key (submission_id)=(11giwi7) already exists.

2023-03-10 21:46:08,910    INFO               sql.py:  55 -             SQL.  execute_values() Error: duplicate key value violates unique constraint "submissions_pkey"
DETAIL:  Key (submission_id)=(1003juy) already exists.

2023-03-10 21:46:09,623    INFO               sql.py:  55 -             SQL.  execute_values() Error: duplicate key value violates unique constraint "submissions_pkey"
DETAIL:  Key (submission_id)=(6yfoeo) already exists.

2023-03-10 21:46:10,559    INFO               sql.py:  55 -             SQL.  execute_values() Error: duplicate key value violates unique constraint "submissions_pkey"
DETAIL:  Key (submission_id)=(zh922v) already exists.

2023-03-10 21:46:11,386    INFO               sql.py:  55 -             SQL.  execute_values() Error: duplicate key value violates unique constraint "submissions_pkey"
DETAIL:  Key (submission_id)=(fh9wqi) already exists.

2023-03-10 21:46:12,256    INFO               sql.py:  59 -             SQL.  execute_values() the dataframe is inserted
2023-03-10 21:46:12,508    INFO               sql.py:  59 -             SQL.  execute_values() the dataframe is inserted
2023-03-10 21:46:12,743    INFO               sql.py:  59 -             SQL.  execute_values() the dataframe is inserted
2023-03-10 21:46:13,053    INFO               sql.py:  59 -             SQL.  execute_values() the dataframe is inserted
2023-03-10 21:46:13,319    INFO               sql.py:  59 -             SQL.  execute_values() the dataframe is inserted
2023-03-10 21:46:13,569    INFO               sql.py:  59 -             SQL.  execute_values() the dataframe is inserted
2023-03-10 21:46:13,820    INFO               sql.py:  59 -             SQL.  execute_values() the dataframe is inserted
2023-03-10 21:46:14,132    INFO               sql.py:  59 -             SQL.  execute_values() the dataframe is inserted
2023-03-10 21:46:14,421    INFO               sql.py:  59 -             SQL.  execute_values() the dataframe is inserted
2023-03-10 21:46:14,700    INFO               sql.py:  59 -             SQL.  execute_values() the dataframe is inserted
2023-03-10 21:46:14,968    INFO               sql.py:  59 -             SQL.  execute_values() the dataframe is inserted
2023-03-10 21:46:15,287    INFO               sql.py:  59 -             SQL.  execute_values() the dataframe is inserted
2023-03-10 21:46:15,524    INFO               sql.py:  59 -             SQL.  execute_values() the dataframe is inserted
2023-03-10 21:46:15,792    INFO               sql.py:  59 -             SQL.  execute_values() the dataframe is inserted
2023-03-10 21:46:15,795    INFO               sql.py:  59 -             SQL.  execute_values() the dataframe is inserted
2023-03-10 21:46:35,082    INFO               sql.py:  55 -             SQL.  execute_values() Error: duplicate key value violates unique constraint "submissions_pkey"
DETAIL:  Key (submission_id)=(11giwi7) already exists.

2023-03-10 21:46:35,696    INFO               sql.py:  55 -             SQL.  execute_values() Error: duplicate key value violates unique constraint "submissions_pkey"
DETAIL:  Key (submission_id)=(1003juy) already exists.

2023-03-10 21:46:36,456    INFO               sql.py:  55 -             SQL.  execute_values() Error: duplicate key value violates unique constraint "submissions_pkey"
DETAIL:  Key (submission_id)=(6yfoeo) already exists.

2023-03-10 21:46:37,085    INFO               sql.py:  55 -             SQL.  execute_values() Error: duplicate key value violates unique constraint "submissions_pkey"
DETAIL:  Key (submission_id)=(zh922v) already exists.

2023-03-10 21:46:38,083    INFO               sql.py:  55 -             SQL.  execute_values() Error: duplicate key value violates unique constraint "submissions_pkey"
DETAIL:  Key (submission_id)=(fh9wqi) already exists.

2023-03-10 21:46:38,410    INFO               sql.py:  59 -             SQL.  execute_values() the dataframe is inserted
2023-03-10 21:46:38,693    INFO               sql.py:  59 -             SQL.  execute_values() the dataframe is inserted
2023-03-10 21:46:38,986    INFO               sql.py:  59 -             SQL.  execute_values() the dataframe is inserted
2023-03-10 21:46:39,219    INFO               sql.py:  59 -             SQL.  execute_values() the dataframe is inserted
2023-03-10 21:46:39,461    INFO               sql.py:  59 -             SQL.  execute_values() the dataframe is inserted
2023-03-10 21:46:39,709    INFO               sql.py:  59 -             SQL.  execute_values() the dataframe is inserted
2023-03-10 21:46:40,001    INFO               sql.py:  59 -             SQL.  execute_values() the dataframe is inserted
2023-03-10 21:46:40,240    INFO               sql.py:  59 -             SQL.  execute_values() the dataframe is inserted
2023-03-10 21:46:40,482    INFO               sql.py:  59 -             SQL.  execute_values() the dataframe is inserted
2023-03-10 21:46:40,796    INFO               sql.py:  59 -             SQL.  execute_values() the dataframe is inserted
2023-03-10 21:46:41,036    INFO               sql.py:  59 -             SQL.  execute_values() the dataframe is inserted
2023-03-10 21:46:41,305    INFO               sql.py:  59 -             SQL.  execute_values() the dataframe is inserted
2023-03-10 21:46:42,026    INFO               sql.py:  59 -             SQL.  execute_values() the dataframe is inserted
2023-03-10 21:46:42,029    INFO               sql.py:  59 -             SQL.  execute_values() the dataframe is inserted
2023-03-10 21:47:38,956    INFO               sql.py:  55 -             SQL.  execute_values() Error: duplicate key value violates unique constraint "submissions_pkey"
DETAIL:  Key (submission_id)=(11giwi7) already exists.

2023-03-10 21:47:39,548    INFO               sql.py:  55 -             SQL.  execute_values() Error: duplicate key value violates unique constraint "submissions_pkey"
DETAIL:  Key (submission_id)=(1003juy) already exists.

2023-03-10 21:47:40,283    INFO               sql.py:  55 -             SQL.  execute_values() Error: duplicate key value violates unique constraint "submissions_pkey"
DETAIL:  Key (submission_id)=(6yfoeo) already exists.

2023-03-10 21:47:40,890    INFO               sql.py:  55 -             SQL.  execute_values() Error: duplicate key value violates unique constraint "submissions_pkey"
DETAIL:  Key (submission_id)=(zh922v) already exists.

2023-03-10 21:47:41,789    INFO               sql.py:  55 -             SQL.  execute_values() Error: duplicate key value violates unique constraint "submissions_pkey"
DETAIL:  Key (submission_id)=(fh9wqi) already exists.

2023-03-10 21:47:42,115    INFO               sql.py:  59 -             SQL.  execute_values() the dataframe is inserted
2023-03-10 21:47:42,364    INFO               sql.py:  59 -             SQL.  execute_values() the dataframe is inserted
2023-03-10 21:47:42,594    INFO               sql.py:  59 -             SQL.  execute_values() the dataframe is inserted
2023-03-10 21:47:42,848    INFO               sql.py:  59 -             SQL.  execute_values() the dataframe is inserted
2023-03-10 21:47:43,163    INFO               sql.py:  59 -             SQL.  execute_values() the dataframe is inserted
2023-03-10 21:47:43,391    INFO               sql.py:  59 -             SQL.  execute_values() the dataframe is inserted
2023-03-10 21:47:43,660    INFO               sql.py:  59 -             SQL.  execute_values() the dataframe is inserted
2023-03-10 21:47:43,931    INFO               sql.py:  59 -             SQL.  execute_values() the dataframe is inserted
2023-03-10 21:47:44,189    INFO               sql.py:  59 -             SQL.  execute_values() the dataframe is inserted
2023-03-10 21:47:44,834    INFO               sql.py:  59 -             SQL.  execute_values() the dataframe is inserted
2023-03-10 21:47:45,078    INFO               sql.py:  59 -             SQL.  execute_values() the dataframe is inserted
2023-03-10 21:47:45,332    INFO               sql.py:  59 -             SQL.  execute_values() the dataframe is inserted
2023-03-10 21:47:45,596    INFO               sql.py:  59 -             SQL.  execute_values() the dataframe is inserted
2023-03-10 21:47:45,599    INFO               sql.py:  59 -             SQL.  execute_values() the dataframe is inserted
2023-03-10 21:51:18,260    INFO               sql.py:  55 -             SQL.  execute_values() Error: duplicate key value violates unique constraint "submissions_pkey"
DETAIL:  Key (submission_id)=(11giwi7) already exists.

2023-03-10 21:51:38,838    INFO               sql.py:  55 -             SQL.  execute_values() Error: duplicate key value violates unique constraint "submissions_pkey"
DETAIL:  Key (submission_id)=(1003juy) already exists.

2023-03-10 21:51:59,673    INFO               sql.py:  55 -             SQL.  execute_values() Error: duplicate key value violates unique constraint "submissions_pkey"
DETAIL:  Key (submission_id)=(6yfoeo) already exists.

2023-03-10 21:52:20,321    INFO               sql.py:  55 -             SQL.  execute_values() Error: duplicate key value violates unique constraint "submissions_pkey"
DETAIL:  Key (submission_id)=(zh922v) already exists.

2023-03-10 21:52:41,283    INFO               sql.py:  55 -             SQL.  execute_values() Error: duplicate key value violates unique constraint "submissions_pkey"
DETAIL:  Key (submission_id)=(fh9wqi) already exists.

2023-03-10 21:52:51,602    INFO               sql.py:  59 -             SQL.  execute_values() the dataframe is inserted
2023-03-10 21:53:01,872    INFO               sql.py:  59 -             SQL.  execute_values() the dataframe is inserted
2023-03-10 21:53:12,108    INFO               sql.py:  59 -             SQL.  execute_values() the dataframe is inserted
2023-03-10 21:53:22,379    INFO               sql.py:  59 -             SQL.  execute_values() the dataframe is inserted
2023-03-10 21:53:32,676    INFO               sql.py:  59 -             SQL.  execute_values() the dataframe is inserted
2023-03-10 21:53:42,954    INFO               sql.py:  59 -             SQL.  execute_values() the dataframe is inserted
2023-03-10 21:53:53,192    INFO               sql.py:  59 -             SQL.  execute_values() the dataframe is inserted
2023-03-10 21:54:03,438    INFO               sql.py:  59 -             SQL.  execute_values() the dataframe is inserted
2023-03-10 21:54:13,725    INFO               sql.py:  59 -             SQL.  execute_values() the dataframe is inserted
2023-03-10 21:54:23,986    INFO               sql.py:  59 -             SQL.  execute_values() the dataframe is inserted
2023-03-10 21:54:34,279    INFO               sql.py:  59 -             SQL.  execute_values() the dataframe is inserted
2023-03-10 21:54:44,973    INFO               sql.py:  59 -             SQL.  execute_values() the dataframe is inserted
2023-03-10 21:54:55,260    INFO               sql.py:  59 -             SQL.  execute_values() the dataframe is inserted
2023-03-10 21:54:55,263    INFO               sql.py:  59 -             SQL.  execute_values() the dataframe is inserted
2023-03-10 22:07:09,856    INFO               sql.py:  55 -             SQL.  execute_values() Error: duplicate key value violates unique constraint "submissions_pkey"
DETAIL:  Key (submission_id)=(11giwi7) already exists.

2023-03-10 22:07:10,839    INFO               sql.py:  55 -             SQL.  execute_values() Error: duplicate key value violates unique constraint "submissions_pkey"
DETAIL:  Key (submission_id)=(1003juy) already exists.

2023-03-10 22:07:11,574    INFO               sql.py:  55 -             SQL.  execute_values() Error: duplicate key value violates unique constraint "submissions_pkey"
DETAIL:  Key (submission_id)=(6yfoeo) already exists.

2023-03-10 22:07:12,492    INFO               sql.py:  55 -             SQL.  execute_values() Error: duplicate key value violates unique constraint "submissions_pkey"
DETAIL:  Key (submission_id)=(zh922v) already exists.

2023-03-10 22:07:13,450    INFO               sql.py:  55 -             SQL.  execute_values() Error: duplicate key value violates unique constraint "submissions_pkey"
DETAIL:  Key (submission_id)=(fh9wqi) already exists.

2023-03-10 22:07:13,804    INFO               sql.py:  59 -             SQL.  execute_values() the dataframe is inserted
2023-03-10 22:07:14,091    INFO               sql.py:  59 -             SQL.  execute_values() the dataframe is inserted
2023-03-10 22:07:14,356    INFO               sql.py:  59 -             SQL.  execute_values() the dataframe is inserted
2023-03-10 22:07:15,048    INFO               sql.py:  59 -             SQL.  execute_values() the dataframe is inserted
2023-03-10 22:07:15,353    INFO               sql.py:  59 -             SQL.  execute_values() the dataframe is inserted
2023-03-10 22:07:15,608    INFO               sql.py:  59 -             SQL.  execute_values() the dataframe is inserted
2023-03-10 22:07:15,874    INFO               sql.py:  59 -             SQL.  execute_values() the dataframe is inserted
2023-03-10 22:07:16,130    INFO               sql.py:  59 -             SQL.  execute_values() the dataframe is inserted
2023-03-10 22:07:16,383    INFO               sql.py:  59 -             SQL.  execute_values() the dataframe is inserted
2023-03-10 22:07:16,627    INFO               sql.py:  59 -             SQL.  execute_values() the dataframe is inserted
2023-03-10 22:07:16,878    INFO               sql.py:  59 -             SQL.  execute_values() the dataframe is inserted
2023-03-10 22:07:17,150    INFO               sql.py:  59 -             SQL.  execute_values() the dataframe is inserted
2023-03-10 22:07:17,577    INFO               sql.py:  59 -             SQL.  execute_values() the dataframe is inserted
2023-03-10 22:07:17,598    INFO               sql.py:  59 -             SQL.  execute_values() the dataframe is inserted
2023-03-10 22:09:11,311    INFO               sql.py:  55 -             SQL.  execute_values() Error: duplicate key value violates unique constraint "submissions_pkey"
DETAIL:  Key (submission_id)=(11giwi7) already exists.

2023-03-10 22:09:12,187    INFO               sql.py:  55 -             SQL.  execute_values() Error: duplicate key value violates unique constraint "submissions_pkey"
DETAIL:  Key (submission_id)=(1003juy) already exists.

2023-03-10 22:09:13,126    INFO               sql.py:  55 -             SQL.  execute_values() Error: duplicate key value violates unique constraint "submissions_pkey"
DETAIL:  Key (submission_id)=(6yfoeo) already exists.

2023-03-10 22:09:13,698    INFO               sql.py:  55 -             SQL.  execute_values() Error: duplicate key value violates unique constraint "submissions_pkey"
DETAIL:  Key (submission_id)=(zh922v) already exists.

2023-03-10 22:09:14,565    INFO               sql.py:  55 -             SQL.  execute_values() Error: duplicate key value violates unique constraint "submissions_pkey"
DETAIL:  Key (submission_id)=(fh9wqi) already exists.

2023-03-10 22:09:14,566    INFO               sql.py:  84 -             SQL.get_column_from_table() Error: syntax error at or near ">"
LINE 1: ...CT submission_id from reddit_commentsWHERE comments_num > 0;
                                                                   ^

2023-03-10 22:09:15,238    INFO               sql.py:  55 -             SQL.  execute_values() Error: duplicate key value violates unique constraint "reddit_comments_pkey"
DETAIL:  Key (comment_id)=(ja1jhs2) already exists.

2023-03-10 22:09:58,116    INFO               sql.py:  55 -             SQL.  execute_values() Error: duplicate key value violates unique constraint "submissions_pkey"
DETAIL:  Key (submission_id)=(11giwi7) already exists.

2023-03-10 22:09:58,681    INFO               sql.py:  55 -             SQL.  execute_values() Error: duplicate key value violates unique constraint "submissions_pkey"
DETAIL:  Key (submission_id)=(1003juy) already exists.

2023-03-10 22:10:09,484    INFO               sql.py:  55 -             SQL.  execute_values() Error: duplicate key value violates unique constraint "submissions_pkey"
DETAIL:  Key (submission_id)=(6yfoeo) already exists.

2023-03-10 22:10:30,080    INFO               sql.py:  55 -             SQL.  execute_values() Error: duplicate key value violates unique constraint "submissions_pkey"
DETAIL:  Key (submission_id)=(zh922v) already exists.

2023-03-10 22:10:51,021    INFO               sql.py:  55 -             SQL.  execute_values() Error: duplicate key value violates unique constraint "submissions_pkey"
DETAIL:  Key (submission_id)=(fh9wqi) already exists.

2023-03-10 22:10:51,022    INFO               sql.py:  84 -             SQL.get_column_from_table() Error: syntax error at or near ">"
LINE 1: ...CT submission_id from reddit_commentsWHERE comments_num > 0;
                                                                   ^

2023-03-10 22:14:46,908    INFO               sql.py:  55 -             SQL.  execute_values() Error: duplicate key value violates unique constraint "submissions_pkey"
DETAIL:  Key (submission_id)=(11giwi7) already exists.

2023-03-10 22:14:58,476    INFO               sql.py:  55 -             SQL.  execute_values() Error: duplicate key value violates unique constraint "submissions_pkey"
DETAIL:  Key (submission_id)=(1003juy) already exists.

2023-03-10 22:15:03,226    INFO               sql.py:  55 -             SQL.  execute_values() Error: duplicate key value violates unique constraint "submissions_pkey"
DETAIL:  Key (submission_id)=(6yfoeo) already exists.

2023-03-10 22:15:05,793    INFO               sql.py:  55 -             SQL.  execute_values() Error: duplicate key value violates unique constraint "submissions_pkey"
DETAIL:  Key (submission_id)=(zh922v) already exists.

2023-03-10 22:15:08,225    INFO               sql.py:  55 -             SQL.  execute_values() Error: duplicate key value violates unique constraint "submissions_pkey"
DETAIL:  Key (submission_id)=(fh9wqi) already exists.

2023-03-10 22:15:08,226    INFO               sql.py:  84 -             SQL.get_column_from_table() Error: column "comments_num" does not exist
LINE 1: SELECT submission_id from reddit_comments WHERE comments_num...
                                                        ^

2023-03-10 22:15:09,016    INFO               sql.py:  55 -             SQL.  execute_values() Error: duplicate key value violates unique constraint "reddit_comments_pkey"
DETAIL:  Key (comment_id)=(j9y6a2k) already exists.

2023-03-10 22:15:10,312    INFO               sql.py:  55 -             SQL.  execute_values() Error: duplicate key value violates unique constraint "reddit_comments_pkey"
DETAIL:  Key (comment_id)=(j9xcl8v) already exists.

2023-03-10 22:15:14,258    INFO               sql.py:  55 -             SQL.  execute_values() Error: duplicate key value violates unique constraint "reddit_comments_pkey"
DETAIL:  Key (comment_id)=(ja05kg8) already exists.

2023-03-10 22:15:15,100    INFO               sql.py:  55 -             SQL.  execute_values() Error: duplicate key value violates unique constraint "reddit_comments_pkey"
DETAIL:  Key (comment_id)=(jazejq0) already exists.

2023-03-10 22:15:18,174    INFO               sql.py:  55 -             SQL.  execute_values() Error: duplicate key value violates unique constraint "reddit_comments_pkey"
DETAIL:  Key (comment_id)=(j9x2jbu) already exists.

2023-03-10 22:15:18,421    INFO               sql.py:  59 -             SQL.  execute_values() the dataframe is inserted
2023-03-10 22:15:18,693    INFO               sql.py:  55 -             SQL.  execute_values() Error: duplicate key value violates unique constraint "reddit_comments_pkey"
DETAIL:  Key (comment_id)=(j9y7v87) already exists.

2023-03-10 22:15:19,151    INFO               sql.py:  55 -             SQL.  execute_values() Error: duplicate key value violates unique constraint "reddit_comments_pkey"
DETAIL:  Key (comment_id)=(j9uwk9c) already exists.

2023-03-10 22:15:19,441    INFO               sql.py:  55 -             SQL.  execute_values() Error: duplicate key value violates unique constraint "reddit_comments_pkey"
DETAIL:  Key (comment_id)=(ja00shu) already exists.

2023-03-10 22:16:44,879    INFO               sql.py:  46 -             SQL.  execute_values() title,score,submission_id,url,comments_num,created,body,subreddit_id,subreddit_display_name
2023-03-10 22:16:44,881    INFO               sql.py:  55 -             SQL.  execute_values() Error: duplicate key value violates unique constraint "submissions_pkey"
DETAIL:  Key (submission_id)=(11giwi7) already exists.

2023-03-10 22:16:45,490    INFO               sql.py:  46 -             SQL.  execute_values() title,score,submission_id,url,comments_num,created,body,subreddit_id,subreddit_display_name
2023-03-10 22:16:45,491    INFO               sql.py:  55 -             SQL.  execute_values() Error: duplicate key value violates unique constraint "submissions_pkey"
DETAIL:  Key (submission_id)=(1003juy) already exists.

2023-03-10 22:16:46,381    INFO               sql.py:  46 -             SQL.  execute_values() title,score,submission_id,url,comments_num,created,body,subreddit_id,subreddit_display_name
2023-03-10 22:16:46,382    INFO               sql.py:  55 -             SQL.  execute_values() Error: duplicate key value violates unique constraint "submissions_pkey"
DETAIL:  Key (submission_id)=(6yfoeo) already exists.

2023-03-10 22:16:47,032    INFO               sql.py:  46 -             SQL.  execute_values() title,score,submission_id,url,comments_num,created,body,subreddit_id,subreddit_display_name
2023-03-10 22:16:47,034    INFO               sql.py:  55 -             SQL.  execute_values() Error: duplicate key value violates unique constraint "submissions_pkey"
DETAIL:  Key (submission_id)=(zh922v) already exists.

2023-03-10 22:16:48,043    INFO               sql.py:  46 -             SQL.  execute_values() title,score,submission_id,url,comments_num,created,body,subreddit_id,subreddit_display_name
2023-03-10 22:16:48,045    INFO               sql.py:  55 -             SQL.  execute_values() Error: duplicate key value violates unique constraint "submissions_pkey"
DETAIL:  Key (submission_id)=(fh9wqi) already exists.

2023-03-10 22:16:48,046    INFO               sql.py:  84 -             SQL.get_column_from_table() Error: column "comments_num" does not exist
LINE 1: SELECT submission_id from reddit_comments WHERE comments_num...
                                                        ^

2023-03-10 22:16:49,510    INFO               sql.py:  46 -             SQL.  execute_values() comment_id,parent_id,submission_id,body
2023-03-10 22:16:49,513    INFO               sql.py:  55 -             SQL.  execute_values() Error: duplicate key value violates unique constraint "reddit_comments_pkey"
DETAIL:  Key (comment_id)=(j9vnemc) already exists.

2023-03-10 22:16:50,123    INFO               sql.py:  46 -             SQL.  execute_values() comment_id,parent_id,submission_id,body
2023-03-10 22:16:50,135    INFO               sql.py:  55 -             SQL.  execute_values() Error: duplicate key value violates unique constraint "reddit_comments_pkey"
DETAIL:  Key (comment_id)=(j9wg5tu) already exists.

2023-03-10 22:16:51,081    INFO               sql.py:  46 -             SQL.  execute_values() comment_id,parent_id,submission_id,body
2023-03-10 22:16:51,093    INFO               sql.py:  55 -             SQL.  execute_values() Error: duplicate key value violates unique constraint "reddit_comments_pkey"
DETAIL:  Key (comment_id)=(ja01deu) already exists.

2023-03-10 22:16:51,436    INFO               sql.py:  46 -             SQL.  execute_values() comment_id,parent_id,submission_id,body
2023-03-10 22:16:51,436    INFO               sql.py:  59 -             SQL.  execute_values() the dataframe is inserted
2023-03-10 22:16:52,979    INFO               sql.py:  46 -             SQL.  execute_values() comment_id,parent_id,submission_id,body
2023-03-10 22:16:52,981    INFO               sql.py:  55 -             SQL.  execute_values() Error: duplicate key value violates unique constraint "reddit_comments_pkey"
DETAIL:  Key (comment_id)=(j9zwezt) already exists.

2023-03-10 22:16:54,667    INFO               sql.py:  46 -             SQL.  execute_values() comment_id,parent_id,submission_id,body
2023-03-10 22:16:54,679    INFO               sql.py:  55 -             SQL.  execute_values() Error: duplicate key value violates unique constraint "reddit_comments_pkey"
DETAIL:  Key (comment_id)=(j9wpqnw) already exists.

2023-03-10 22:16:54,953    INFO               sql.py:  46 -             SQL.  execute_values() comment_id,parent_id,submission_id,body
2023-03-10 22:16:54,954    INFO               sql.py:  55 -             SQL.  execute_values() Error: duplicate key value violates unique constraint "reddit_comments_pkey"
DETAIL:  Key (comment_id)=(jbkarct) already exists.

2023-03-10 22:17:19,554    INFO               sql.py:  46 -             SQL.  execute_values() comment_id,parent_id,submission_id,body
2023-03-10 22:17:19,566    INFO               sql.py:  55 -             SQL.  execute_values() Error: duplicate key value violates unique constraint "reddit_comments_pkey"
DETAIL:  Key (comment_id)=(ja0eq22) already exists.

2023-03-10 22:17:21,964    INFO               sql.py:  46 -             SQL.  execute_values() comment_id,parent_id,submission_id,body
2023-03-10 22:17:21,977    INFO               sql.py:  55 -             SQL.  execute_values() Error: duplicate key value violates unique constraint "reddit_comments_pkey"
DETAIL:  Key (comment_id)=(j9xtq78) already exists.

2023-03-10 22:17:22,657    INFO               sql.py:  46 -             SQL.  execute_values() comment_id,parent_id,submission_id,body
2023-03-10 22:17:22,669    INFO               sql.py:  55 -             SQL.  execute_values() Error: duplicate key value violates unique constraint "reddit_comments_pkey"
DETAIL:  Key (comment_id)=(j9wl814) already exists.

2023-03-10 22:17:23,171    INFO               sql.py:  46 -             SQL.  execute_values() comment_id,parent_id,submission_id,body
2023-03-10 22:17:23,172    INFO               sql.py:  55 -             SQL.  execute_values() Error: duplicate key value violates unique constraint "reddit_comments_pkey"
DETAIL:  Key (comment_id)=(ijwzpab) already exists.

2023-03-10 22:17:23,903    INFO               sql.py:  46 -             SQL.  execute_values() comment_id,parent_id,submission_id,body
2023-03-10 22:17:23,904    INFO               sql.py:  55 -             SQL.  execute_values() Error: duplicate key value violates unique constraint "reddit_comments_pkey"
DETAIL:  Key (comment_id)=(j9xmme4) already exists.

2023-03-10 22:18:15,013    INFO               sql.py:  46 -             SQL.  execute_values() comment_id,parent_id,submission_id,body
2023-03-10 22:18:15,025    INFO               sql.py:  55 -             SQL.  execute_values() Error: duplicate key value violates unique constraint "reddit_comments_pkey"
DETAIL:  Key (comment_id)=(ja007mp) already exists.

2023-03-10 22:18:15,717    INFO               sql.py:  46 -             SQL.  execute_values() comment_id,parent_id,submission_id,body
2023-03-10 22:18:15,718    INFO               sql.py:  55 -             SQL.  execute_values() Error: duplicate key value violates unique constraint "reddit_comments_pkey"
DETAIL:  Key (comment_id)=(j9vpqrx) already exists.

2023-03-10 22:18:16,461    INFO               sql.py:  46 -             SQL.  execute_values() comment_id,parent_id,submission_id,body
2023-03-10 22:18:16,461    INFO               sql.py:  59 -             SQL.  execute_values() the dataframe is inserted
2023-03-10 22:19:56,542    INFO               sql.py:  46 -             SQL.  execute_values() comment_id,parent_id,submission_id,body
2023-03-10 22:19:56,554    INFO               sql.py:  55 -             SQL.  execute_values() Error: duplicate key value violates unique constraint "reddit_comments_pkey"
DETAIL:  Key (comment_id)=(ja0bpvr) already exists.

2023-03-10 22:19:57,849    INFO               sql.py:  46 -             SQL.  execute_values() comment_id,parent_id,submission_id,body
2023-03-10 22:19:57,860    INFO               sql.py:  55 -             SQL.  execute_values() Error: duplicate key value violates unique constraint "reddit_comments_pkey"
DETAIL:  Key (comment_id)=(j9xsbt9) already exists.

2023-03-10 22:19:59,235    INFO               sql.py:  46 -             SQL.  execute_values() comment_id,parent_id,submission_id,body
2023-03-10 22:19:59,235    INFO               sql.py:  55 -             SQL.  execute_values() Error: duplicate key value violates unique constraint "reddit_comments_pkey"
DETAIL:  Key (comment_id)=(j6rgyxi) already exists.

2023-03-10 22:23:38,447    INFO               sql.py:  46 -             SQL.  execute_values() submission_id,comments_num,score,subreddit_id,subreddit_display_name,title,created,url,body
2023-03-10 22:23:38,449    INFO               sql.py:  55 -             SQL.  execute_values() Error: duplicate key value violates unique constraint "submissions_pkey"
DETAIL:  Key (submission_id)=(11giwi7) already exists.

2023-03-10 22:23:38,449    INFO               sql.py:  84 -             SQL.get_column_from_table() Error: column "comments_num" does not exist
LINE 1: SELECT submission_id from reddit_comments WHERE comments_num...
                                                        ^

2023-03-10 22:23:48,708    INFO               sql.py:  46 -             SQL.  execute_values() comment_id,parent_id,submission_id,body
2023-03-10 22:23:48,709    INFO               sql.py:  55 -             SQL.  execute_values() Error: duplicate key value violates unique constraint "reddit_comments_pkey"
DETAIL:  Key (comment_id)=(j9t0b1q) already exists.

2023-03-10 22:23:59,811    INFO               sql.py:  46 -             SQL.  execute_values() comment_id,parent_id,submission_id,body
2023-03-10 22:23:59,815    INFO               sql.py:  55 -             SQL.  execute_values() Error: duplicate key value violates unique constraint "reddit_comments_pkey"
DETAIL:  Key (comment_id)=(ja0ij0h) already exists.

2023-03-10 22:25:08,253    INFO               sql.py:  46 -             SQL.  execute_values() comment_id,parent_id,submission_id,body
2023-03-10 22:25:08,254    INFO               sql.py:  55 -             SQL.  execute_values() Error: duplicate key value violates unique constraint "reddit_comments_pkey"
DETAIL:  Key (comment_id)=(j9qjwju) already exists.

2023-03-10 22:25:10,003    INFO               sql.py:  46 -             SQL.  execute_values() comment_id,parent_id,submission_id,body
2023-03-10 22:25:10,014    INFO               sql.py:  55 -             SQL.  execute_values() Error: duplicate key value violates unique constraint "reddit_comments_pkey"
DETAIL:  Key (comment_id)=(ja1kxk3) already exists.

2023-03-10 22:26:34,301    INFO               sql.py:  46 -             SQL.  execute_values() submission_id,comments_num,score,subreddit_id,subreddit_display_name,title,created,url,body
2023-03-10 22:26:34,303    INFO               sql.py:  55 -             SQL.  execute_values() Error: duplicate key value violates unique constraint "submissions_pkey"
DETAIL:  Key (submission_id)=(11giwi7) already exists.

2023-03-10 22:26:34,303    INFO               sql.py:  84 -             SQL.get_column_from_table() Error: column "comments_num" does not exist
LINE 1: SELECT submission_id from reddit_comments WHERE comments_num...
                                                        ^

2023-03-10 22:26:35,011    INFO               sql.py:  46 -             SQL.  execute_values() comment_id,parent_id,submission_id,body
2023-03-10 22:26:35,011    INFO               sql.py:  59 -             SQL.  execute_values() the dataframe is inserted
2023-03-10 22:26:37,130    INFO               sql.py:  46 -             SQL.  execute_values() comment_id,parent_id,submission_id,body
2023-03-10 22:26:37,131    INFO               sql.py:  55 -             SQL.  execute_values() Error: duplicate key value violates unique constraint "reddit_comments_pkey"
DETAIL:  Key (comment_id)=(jauwo1t) already exists.

2023-03-10 22:26:39,625    INFO               sql.py:  46 -             SQL.  execute_values() comment_id,parent_id,submission_id,body
2023-03-10 22:26:39,637    INFO               sql.py:  55 -             SQL.  execute_values() Error: duplicate key value violates unique constraint "reddit_comments_pkey"
DETAIL:  Key (comment_id)=(j9zhgrv) already exists.

2023-03-10 22:26:40,263    INFO               sql.py:  46 -             SQL.  execute_values() comment_id,parent_id,submission_id,body
2023-03-10 22:26:40,275    INFO               sql.py:  55 -             SQL.  execute_values() Error: duplicate key value violates unique constraint "reddit_comments_pkey"
DETAIL:  Key (comment_id)=(jaxvtrk) already exists.

2023-03-10 22:27:17,125    INFO               sql.py:  46 -             SQL.  execute_values() comment_id,parent_id,submission_id,body
2023-03-10 22:27:17,137    INFO               sql.py:  55 -             SQL.  execute_values() Error: duplicate key value violates unique constraint "reddit_comments_pkey"
DETAIL:  Key (comment_id)=(j9zivvx) already exists.

2023-03-10 22:27:40,802    INFO               sql.py:  46 -             SQL.  execute_values() comment_id,parent_id,submission_id,body
2023-03-10 22:27:40,803    INFO               sql.py:  55 -             SQL.  execute_values() Error: duplicate key value violates unique constraint "reddit_comments_pkey"
DETAIL:  Key (comment_id)=(ja0wzxv) already exists.

2023-03-10 22:27:42,512    INFO               sql.py:  46 -             SQL.  execute_values() comment_id,parent_id,submission_id,body
2023-03-10 22:27:42,524    INFO               sql.py:  55 -             SQL.  execute_values() Error: duplicate key value violates unique constraint "reddit_comments_pkey"
DETAIL:  Key (comment_id)=(j9ykzlk) already exists.

2023-03-10 22:27:44,016    INFO               sql.py:  46 -             SQL.  execute_values() comment_id,parent_id,submission_id,body
2023-03-10 22:27:44,017    INFO               sql.py:  55 -             SQL.  execute_values() Error: duplicate key value violates unique constraint "reddit_comments_pkey"
DETAIL:  Key (comment_id)=(j9ohzgw) already exists.

2023-03-10 22:27:44,298    INFO               sql.py:  46 -             SQL.  execute_values() comment_id,parent_id,submission_id,body
2023-03-10 22:27:44,300    INFO               sql.py:  55 -             SQL.  execute_values() Error: duplicate key value violates unique constraint "reddit_comments_pkey"
DETAIL:  Key (comment_id)=(ja0wiry) already exists.

2023-03-10 22:27:45,226    INFO               sql.py:  46 -             SQL.  execute_values() comment_id,parent_id,submission_id,body
2023-03-10 22:27:45,227    INFO               sql.py:  55 -             SQL.  execute_values() Error: duplicate key value violates unique constraint "reddit_comments_pkey"
DETAIL:  Key (comment_id)=(jb0sm2c) already exists.

2023-03-10 22:27:45,977    INFO               sql.py:  46 -             SQL.  execute_values() comment_id,parent_id,submission_id,body
2023-03-10 22:27:45,978    INFO               sql.py:  55 -             SQL.  execute_values() Error: duplicate key value violates unique constraint "reddit_comments_pkey"
DETAIL:  Key (comment_id)=(jbkarct) already exists.

2023-03-10 22:27:46,816    INFO               sql.py:  46 -             SQL.  execute_values() comment_id,parent_id,submission_id,body
2023-03-10 22:27:46,817    INFO               sql.py:  55 -             SQL.  execute_values() Error: duplicate key value violates unique constraint "reddit_comments_pkey"
DETAIL:  Key (comment_id)=(j9tqv6x) already exists.

2023-03-10 22:27:47,652    INFO               sql.py:  46 -             SQL.  execute_values() comment_id,parent_id,submission_id,body
2023-03-10 22:27:47,653    INFO               sql.py:  55 -             SQL.  execute_values() Error: duplicate key value violates unique constraint "reddit_comments_pkey"
DETAIL:  Key (comment_id)=(j9nd1b2) already exists.

2023-03-10 22:27:49,395    INFO               sql.py:  46 -             SQL.  execute_values() comment_id,parent_id,submission_id,body
2023-03-10 22:27:49,396    INFO               sql.py:  55 -             SQL.  execute_values() Error: duplicate key value violates unique constraint "reddit_comments_pkey"
DETAIL:  Key (comment_id)=(ja0ij0h) already exists.

2023-03-10 22:27:52,545    INFO               sql.py:  46 -             SQL.  execute_values() comment_id,parent_id,submission_id,body
2023-03-10 22:27:52,546    INFO               sql.py:  55 -             SQL.  execute_values() Error: duplicate key value violates unique constraint "reddit_comments_pkey"
DETAIL:  Key (comment_id)=(j9wdgdf) already exists.

2023-03-10 22:27:53,315    INFO               sql.py:  46 -             SQL.  execute_values() comment_id,parent_id,submission_id,body
2023-03-10 22:27:53,315    INFO               sql.py:  59 -             SQL.  execute_values() the dataframe is inserted
2023-03-10 22:27:53,722    INFO               sql.py:  46 -             SQL.  execute_values() comment_id,parent_id,submission_id,body
2023-03-10 22:27:53,734    INFO               sql.py:  55 -             SQL.  execute_values() Error: duplicate key value violates unique constraint "reddit_comments_pkey"
DETAIL:  Key (comment_id)=(j9yrep3) already exists.

2023-03-10 22:27:54,649    INFO               sql.py:  46 -             SQL.  execute_values() comment_id,parent_id,submission_id,body
2023-03-10 22:27:54,651    INFO               sql.py:  55 -             SQL.  execute_values() Error: duplicate key value violates unique constraint "reddit_comments_pkey"
DETAIL:  Key (comment_id)=(j7nhkas) already exists.

2023-03-10 22:27:55,544    INFO               sql.py:  46 -             SQL.  execute_values() comment_id,parent_id,submission_id,body
2023-03-10 22:27:55,546    INFO               sql.py:  55 -             SQL.  execute_values() Error: duplicate key value violates unique constraint "reddit_comments_pkey"
DETAIL:  Key (comment_id)=(ja0xdww) already exists.

2023-03-10 22:27:55,846    INFO               sql.py:  46 -             SQL.  execute_values() comment_id,parent_id,submission_id,body
2023-03-10 22:27:55,847    INFO               sql.py:  55 -             SQL.  execute_values() Error: duplicate key value violates unique constraint "reddit_comments_pkey"
DETAIL:  Key (comment_id)=(j9yracv) already exists.

2023-03-10 22:27:56,746    INFO               sql.py:  46 -             SQL.  execute_values() comment_id,parent_id,submission_id,body
2023-03-10 22:27:56,747    INFO               sql.py:  55 -             SQL.  execute_values() Error: duplicate key value violates unique constraint "reddit_comments_pkey"
DETAIL:  Key (comment_id)=(j9y68v9) already exists.

2023-03-10 22:27:57,813    INFO               sql.py:  46 -             SQL.  execute_values() comment_id,parent_id,submission_id,body
2023-03-10 22:27:57,813    INFO               sql.py:  55 -             SQL.  execute_values() Error: duplicate key value violates unique constraint "reddit_comments_pkey"
DETAIL:  Key (comment_id)=(j9wg5tu) already exists.

2023-03-10 22:28:52,662    INFO               sql.py:  46 -             SQL.  execute_values() comment_id,parent_id,submission_id,body
2023-03-10 22:28:52,670    INFO               sql.py:  55 -             SQL.  execute_values() Error: duplicate key value violates unique constraint "reddit_comments_pkey"
DETAIL:  Key (comment_id)=(j9kmxex) already exists.

2023-03-10 22:28:53,437    INFO               sql.py:  46 -             SQL.  execute_values() comment_id,parent_id,submission_id,body
2023-03-10 22:28:53,438    INFO               sql.py:  55 -             SQL.  execute_values() Error: duplicate key value violates unique constraint "reddit_comments_pkey"
DETAIL:  Key (comment_id)=(j9z0gkw) already exists.

2023-03-10 22:28:54,698    INFO               sql.py:  46 -             SQL.  execute_values() comment_id,parent_id,submission_id,body
2023-03-10 22:28:54,710    INFO               sql.py:  55 -             SQL.  execute_values() Error: duplicate key value violates unique constraint "reddit_comments_pkey"
DETAIL:  Key (comment_id)=(jazp4i8) already exists.

2023-03-10 22:28:56,120    INFO               sql.py:  46 -             SQL.  execute_values() comment_id,parent_id,submission_id,body
2023-03-10 22:28:56,122    INFO               sql.py:  55 -             SQL.  execute_values() Error: duplicate key value violates unique constraint "reddit_comments_pkey"
DETAIL:  Key (comment_id)=(j9v0ise) already exists.

2023-03-10 22:28:58,006    INFO               sql.py:  46 -             SQL.  execute_values() comment_id,parent_id,submission_id,body
2023-03-10 22:28:58,007    INFO               sql.py:  55 -             SQL.  execute_values() Error: duplicate key value violates unique constraint "reddit_comments_pkey"
DETAIL:  Key (comment_id)=(j9xcl8v) already exists.

2023-03-10 22:28:59,397    INFO               sql.py:  46 -             SQL.  execute_values() comment_id,parent_id,submission_id,body
2023-03-10 22:28:59,408    INFO               sql.py:  55 -             SQL.  execute_values() Error: duplicate key value violates unique constraint "reddit_comments_pkey"
DETAIL:  Key (comment_id)=(j9zv2m3) already exists.

2023-03-10 22:31:14,813    INFO               sql.py:  46 -             SQL.  execute_values() submission_id,comments_num,score,subreddit_id,subreddit_display_name,title,created,url,body
2023-03-10 22:31:14,815    INFO               sql.py:  55 -             SQL.  execute_values() Error: duplicate key value violates unique constraint "submissions_pkey"
DETAIL:  Key (submission_id)=(11giwi7) already exists.

2023-03-10 22:31:14,816    INFO               sql.py:  84 -             SQL.get_column_from_table() Error: column "comments_num" does not exist
LINE 1: SELECT submission_id from reddit_comments WHERE comments_num...
                                                        ^

2023-03-10 22:31:25,194    INFO               sql.py:  46 -             SQL.  execute_values() comment_id,parent_id,submission_id,body
2023-03-10 22:31:25,194    INFO               sql.py:  55 -             SQL.  execute_values() Error: duplicate key value violates unique constraint "reddit_comments_pkey"
DETAIL:  Key (comment_id)=(j9xvrqk) already exists.

2023-03-10 22:31:35,485    INFO               sql.py:  46 -             SQL.  execute_values() comment_id,parent_id,submission_id,body
2023-03-10 22:31:35,499    INFO               sql.py:  55 -             SQL.  execute_values() Error: duplicate key value violates unique constraint "reddit_comments_pkey"
DETAIL:  Key (comment_id)=(j9zndri) already exists.

2023-03-10 22:31:47,926    INFO               sql.py:  46 -             SQL.  execute_values() comment_id,parent_id,submission_id,body
2023-03-10 22:31:47,927    INFO               sql.py:  55 -             SQL.  execute_values() Error: duplicate key value violates unique constraint "reddit_comments_pkey"
DETAIL:  Key (comment_id)=(j9wdgdf) already exists.

2023-03-10 22:31:58,230    INFO               sql.py:  46 -             SQL.  execute_values() comment_id,parent_id,submission_id,body
2023-03-10 22:31:58,231    INFO               sql.py:  55 -             SQL.  execute_values() Error: duplicate key value violates unique constraint "reddit_comments_pkey"
DETAIL:  Key (comment_id)=(jbgubyu) already exists.

2023-03-10 22:32:08,475    INFO               sql.py:  46 -             SQL.  execute_values() comment_id,parent_id,submission_id,body
2023-03-10 22:32:08,475    INFO               sql.py:  59 -             SQL.  execute_values() the dataframe is inserted
2023-03-10 22:32:18,737    INFO               sql.py:  46 -             SQL.  execute_values() comment_id,parent_id,submission_id,body
2023-03-10 22:32:18,738    INFO               sql.py:  55 -             SQL.  execute_values() Error: duplicate key value violates unique constraint "reddit_comments_pkey"
DETAIL:  Key (comment_id)=(j9wsuia) already exists.

2023-03-10 22:32:42,125    INFO               sql.py:  46 -             SQL.  execute_values() submission_id,comments_num,score,subreddit_id,subreddit_display_name,title,created,url,body
2023-03-10 22:32:42,126    INFO               sql.py:  55 -             SQL.  execute_values() Error: duplicate key value violates unique constraint "submissions_pkey"
DETAIL:  Key (submission_id)=(11giwi7) already exists.

2023-03-10 22:32:52,369    INFO               sql.py:  46 -             SQL.  execute_values() comment_id,parent_id,submission_id,body
2023-03-10 22:32:52,369    INFO               sql.py:  59 -             SQL.  execute_values() the dataframe is inserted
2023-03-10 22:33:02,628    INFO               sql.py:  46 -             SQL.  execute_values() comment_id,parent_id,submission_id,body
2023-03-10 22:33:02,628    INFO               sql.py:  59 -             SQL.  execute_values() the dataframe is inserted
2023-03-10 22:33:12,879    INFO               sql.py:  46 -             SQL.  execute_values() comment_id,parent_id,submission_id,body
2023-03-10 22:33:12,879    INFO               sql.py:  59 -             SQL.  execute_values() the dataframe is inserted
2023-03-10 22:33:23,160    INFO               sql.py:  46 -             SQL.  execute_values() comment_id,parent_id,submission_id,body
2023-03-10 22:33:23,160    INFO               sql.py:  59 -             SQL.  execute_values() the dataframe is inserted
2023-03-10 22:33:33,427    INFO               sql.py:  46 -             SQL.  execute_values() comment_id,parent_id,submission_id,body
2023-03-10 22:33:33,427    INFO               sql.py:  59 -             SQL.  execute_values() the dataframe is inserted
2023-03-10 22:33:43,690    INFO               sql.py:  46 -             SQL.  execute_values() comment_id,parent_id,submission_id,body
2023-03-10 22:33:43,690    INFO               sql.py:  59 -             SQL.  execute_values() the dataframe is inserted
2023-03-10 22:33:53,957    INFO               sql.py:  46 -             SQL.  execute_values() comment_id,parent_id,submission_id,body
2023-03-10 22:33:53,957    INFO               sql.py:  59 -             SQL.  execute_values() the dataframe is inserted
2023-03-10 22:34:04,296    INFO               sql.py:  46 -             SQL.  execute_values() comment_id,parent_id,submission_id,body
2023-03-10 22:34:04,296    INFO               sql.py:  59 -             SQL.  execute_values() the dataframe is inserted
2023-03-10 22:34:14,560    INFO               sql.py:  46 -             SQL.  execute_values() comment_id,parent_id,submission_id,body
2023-03-10 22:34:14,560    INFO               sql.py:  59 -             SQL.  execute_values() the dataframe is inserted
2023-03-10 22:34:25,211    INFO               sql.py:  46 -             SQL.  execute_values() comment_id,parent_id,submission_id,body
2023-03-10 22:34:25,211    INFO               sql.py:  59 -             SQL.  execute_values() the dataframe is inserted
2023-03-10 22:34:35,496    INFO               sql.py:  46 -             SQL.  execute_values() comment_id,parent_id,submission_id,body
2023-03-10 22:34:35,496    INFO               sql.py:  59 -             SQL.  execute_values() the dataframe is inserted
2023-03-10 22:34:45,736    INFO               sql.py:  46 -             SQL.  execute_values() comment_id,parent_id,submission_id,body
2023-03-10 22:34:45,736    INFO               sql.py:  59 -             SQL.  execute_values() the dataframe is inserted
2023-03-10 22:34:55,973    INFO               sql.py:  46 -             SQL.  execute_values() comment_id,parent_id,submission_id,body
2023-03-10 22:34:55,973    INFO               sql.py:  59 -             SQL.  execute_values() the dataframe is inserted
2023-03-10 22:34:55,975    INFO               sql.py:  46 -             SQL.  execute_values() submission_id,user_engagement,spine_body
2023-03-10 22:34:55,975    INFO               sql.py:  59 -             SQL.  execute_values() the dataframe is inserted
2023-03-10 22:40:28,368    INFO               sql.py:  46 -             SQL.  execute_values() submission_id,comments_num,score,subreddit_id,subreddit_display_name,title,created,url,body
2023-03-10 22:40:28,371    INFO               sql.py:  59 -             SQL.  execute_values() the dataframe is inserted
2023-03-10 22:40:38,768    INFO               sql.py:  46 -             SQL.  execute_values() comment_id,parent_id,submission_id,body
2023-03-10 22:40:38,781    INFO               sql.py:  59 -             SQL.  execute_values() the dataframe is inserted
2023-03-10 22:40:49,732    INFO               sql.py:  46 -             SQL.  execute_values() comment_id,parent_id,submission_id,body
2023-03-10 22:40:49,735    INFO               sql.py:  59 -             SQL.  execute_values() the dataframe is inserted
2023-03-10 22:42:12,856    INFO               sql.py:  46 -             SQL.  execute_values() comment_id,parent_id,submission_id,body
2023-03-10 22:42:12,862    INFO               sql.py:  59 -             SQL.  execute_values() the dataframe is inserted
2023-03-10 22:42:23,516    INFO               sql.py:  46 -             SQL.  execute_values() comment_id,parent_id,submission_id,body
2023-03-10 22:42:23,529    INFO               sql.py:  59 -             SQL.  execute_values() the dataframe is inserted
2023-03-10 22:42:33,819    INFO               sql.py:  46 -             SQL.  execute_values() comment_id,parent_id,submission_id,body
2023-03-10 22:42:33,831    INFO               sql.py:  59 -             SQL.  execute_values() the dataframe is inserted
2023-03-10 22:42:44,089    INFO               sql.py:  46 -             SQL.  execute_values() comment_id,parent_id,submission_id,body
2023-03-10 22:42:44,089    INFO               sql.py:  59 -             SQL.  execute_values() the dataframe is inserted
2023-03-10 22:42:54,735    INFO               sql.py:  46 -             SQL.  execute_values() comment_id,parent_id,submission_id,body
2023-03-10 22:42:54,735    INFO               sql.py:  59 -             SQL.  execute_values() the dataframe is inserted
2023-03-10 22:43:05,482    INFO               sql.py:  46 -             SQL.  execute_values() comment_id,parent_id,submission_id,body
2023-03-10 22:43:05,496    INFO               sql.py:  59 -             SQL.  execute_values() the dataframe is inserted
2023-03-10 22:43:15,813    INFO               sql.py:  46 -             SQL.  execute_values() comment_id,parent_id,submission_id,body
2023-03-10 22:43:15,815    INFO               sql.py:  59 -             SQL.  execute_values() the dataframe is inserted
2023-03-10 22:43:26,229    INFO               sql.py:  46 -             SQL.  execute_values() comment_id,parent_id,submission_id,body
2023-03-10 22:43:26,232    INFO               sql.py:  59 -             SQL.  execute_values() the dataframe is inserted
2023-03-10 22:43:26,422    INFO               sql.py:  46 -             SQL.  execute_values() submission_id,user_engagement,spine_body
2023-03-10 22:43:26,426    INFO               sql.py:  59 -             SQL.  execute_values() the dataframe is inserted
2023-03-10 22:48:21,634    INFO               sql.py:  60 -             SQL.  execute_values() the dataframe is inserted
2023-03-10 22:48:22,214    INFO               sql.py:  60 -             SQL.  execute_values() the dataframe is inserted
2023-03-10 22:48:22,974    INFO               sql.py:  60 -             SQL.  execute_values() the dataframe is inserted
2023-03-10 22:48:23,611    INFO               sql.py:  60 -             SQL.  execute_values() the dataframe is inserted
2023-03-10 22:48:24,567    INFO               sql.py:  60 -             SQL.  execute_values() the dataframe is inserted
2023-03-10 22:48:24,893    INFO               sql.py:  60 -             SQL.  execute_values() the dataframe is inserted
2023-03-10 22:48:25,737    INFO               sql.py:  60 -             SQL.  execute_values() the dataframe is inserted
2023-03-10 22:48:26,023    INFO               sql.py:  60 -             SQL.  execute_values() the dataframe is inserted
2023-03-10 22:48:26,325    INFO               sql.py:  60 -             SQL.  execute_values() the dataframe is inserted
2023-03-10 22:48:27,696    INFO               sql.py:  60 -             SQL.  execute_values() the dataframe is inserted
2023-03-10 22:48:31,247    INFO               sql.py:  60 -             SQL.  execute_values() the dataframe is inserted
2023-03-10 22:48:31,566    INFO               sql.py:  60 -             SQL.  execute_values() the dataframe is inserted
2023-03-10 22:48:31,979    INFO               sql.py:  60 -             SQL.  execute_values() the dataframe is inserted
2023-03-10 22:48:32,301    INFO               sql.py:  60 -             SQL.  execute_values() the dataframe is inserted
2023-03-10 22:48:33,501    INFO               sql.py:  60 -             SQL.  execute_values() the dataframe is inserted
2023-03-10 22:48:33,770    INFO               sql.py:  60 -             SQL.  execute_values() the dataframe is inserted
2023-03-10 22:48:34,060    INFO               sql.py:  60 -             SQL.  execute_values() the dataframe is inserted
2023-03-10 22:48:34,343    INFO               sql.py:  60 -             SQL.  execute_values() the dataframe is inserted
2023-03-10 22:48:34,711    INFO               sql.py:  60 -             SQL.  execute_values() the dataframe is inserted
2023-03-10 22:48:36,444    INFO               sql.py:  60 -             SQL.  execute_values() the dataframe is inserted
2023-03-10 22:48:36,890    INFO               sql.py:  60 -             SQL.  execute_values() the dataframe is inserted
2023-03-10 22:48:38,278    INFO               sql.py:  60 -             SQL.  execute_values() the dataframe is inserted
2023-03-10 22:48:38,711    INFO               sql.py:  60 -             SQL.  execute_values() the dataframe is inserted
2023-03-10 22:48:39,055    INFO               sql.py:  60 -             SQL.  execute_values() the dataframe is inserted
2023-03-10 22:48:40,354    INFO               sql.py:  60 -             SQL.  execute_values() the dataframe is inserted
2023-03-10 22:48:42,016    INFO               sql.py:  60 -             SQL.  execute_values() the dataframe is inserted
2023-03-10 22:48:43,117    INFO               sql.py:  60 -             SQL.  execute_values() the dataframe is inserted
2023-03-10 22:48:46,185    INFO               sql.py:  60 -             SQL.  execute_values() the dataframe is inserted
2023-03-10 22:48:46,538    INFO               sql.py:  60 -             SQL.  execute_values() the dataframe is inserted
2023-03-10 22:48:48,138    INFO               sql.py:  60 -             SQL.  execute_values() the dataframe is inserted
2023-03-10 22:48:49,211    INFO               sql.py:  60 -             SQL.  execute_values() the dataframe is inserted
2023-03-10 22:48:49,573    INFO               sql.py:  60 -             SQL.  execute_values() the dataframe is inserted
2023-03-10 22:48:49,888    INFO               sql.py:  60 -             SQL.  execute_values() the dataframe is inserted
2023-03-10 22:48:50,140    INFO               sql.py:  60 -             SQL.  execute_values() the dataframe is inserted
2023-03-10 22:48:50,438    INFO               sql.py:  60 -             SQL.  execute_values() the dataframe is inserted
2023-03-10 22:49:22,628    INFO               sql.py:  60 -             SQL.  execute_values() the dataframe is inserted
2023-03-10 22:49:23,077    INFO               sql.py:  60 -             SQL.  execute_values() the dataframe is inserted
2023-03-10 22:49:23,550    INFO               sql.py:  60 -             SQL.  execute_values() the dataframe is inserted
2023-03-10 22:50:20,808    INFO               sql.py:  60 -             SQL.  execute_values() the dataframe is inserted
2023-03-10 22:50:41,410    INFO               sql.py:  60 -             SQL.  execute_values() the dataframe is inserted
2023-03-10 22:51:02,172    INFO               sql.py:  60 -             SQL.  execute_values() the dataframe is inserted
2023-03-10 22:51:22,795    INFO               sql.py:  60 -             SQL.  execute_values() the dataframe is inserted
2023-03-10 22:51:43,691    INFO               sql.py:  60 -             SQL.  execute_values() the dataframe is inserted
2023-03-10 22:51:53,960    INFO               sql.py:  60 -             SQL.  execute_values() the dataframe is inserted
2023-03-10 22:52:04,594    INFO               sql.py:  60 -             SQL.  execute_values() the dataframe is inserted
2023-03-10 23:28:39,176    INFO               sql.py:  60 -             SQL.  execute_values() the dataframe is inserted
2023-03-10 23:28:49,189    INFO               sql.py:  60 -             SQL.  execute_values() the dataframe is inserted
2023-03-10 23:28:50,667    INFO               sql.py:  60 -             SQL.  execute_values() the dataframe is inserted
2023-03-10 23:34:47,516    INFO               sql.py:  60 -             SQL.  execute_values() the dataframe is inserted
2023-03-10 23:34:58,953    INFO               sql.py:  60 -             SQL.  execute_values() the dataframe is inserted
2023-03-10 23:35:03,219    INFO               sql.py:  60 -             SQL.  execute_values() the dataframe is inserted
2023-03-10 23:35:05,895    INFO               sql.py:  60 -             SQL.  execute_values() the dataframe is inserted
2023-03-10 23:35:08,377    INFO               sql.py:  60 -             SQL.  execute_values() the dataframe is inserted
2023-03-10 23:35:09,256    INFO               sql.py:  60 -             SQL.  execute_values() the dataframe is inserted
2023-03-10 23:35:10,008    INFO               sql.py:  60 -             SQL.  execute_values() the dataframe is inserted
2023-03-10 23:35:10,784    INFO               sql.py:  60 -             SQL.  execute_values() the dataframe is inserted
2023-03-10 23:35:11,842    INFO               sql.py:  60 -             SQL.  execute_values() the dataframe is inserted
2023-03-10 23:35:13,111    INFO               sql.py:  60 -             SQL.  execute_values() the dataframe is inserted
2023-03-10 23:35:14,480    INFO               sql.py:  60 -             SQL.  execute_values() the dataframe is inserted
2023-03-10 23:35:14,582    INFO               sql.py:  60 -             SQL.  execute_values() the dataframe is inserted
2023-03-10 23:40:51,891    INFO               sql.py:  60 -             SQL.  execute_values() the dataframe is inserted
2023-03-10 23:41:12,519    INFO               sql.py:  60 -             SQL.  execute_values() the dataframe is inserted
2023-03-10 23:41:33,135    INFO               sql.py:  60 -             SQL.  execute_values() the dataframe is inserted
2023-03-10 23:41:53,995    INFO               sql.py:  60 -             SQL.  execute_values() the dataframe is inserted
2023-03-10 23:42:04,253    INFO               sql.py:  60 -             SQL.  execute_values() the dataframe is inserted
2023-03-10 23:42:14,712    INFO               sql.py:  60 -             SQL.  execute_values() the dataframe is inserted
2023-03-10 23:42:25,074    INFO               sql.py:  60 -             SQL.  execute_values() the dataframe is inserted
2023-03-10 23:42:35,995    INFO               sql.py:  60 -             SQL.  execute_values() the dataframe is inserted
2023-03-10 23:42:47,727    INFO               sql.py:  60 -             SQL.  execute_values() the dataframe is inserted
2023-03-10 23:42:58,074    INFO               sql.py:  60 -             SQL.  execute_values() the dataframe is inserted
2023-03-10 23:43:08,866    INFO               sql.py:  60 -             SQL.  execute_values() the dataframe is inserted
2023-03-10 23:46:53,612    INFO               sql.py:  60 -             SQL.  execute_values() the dataframe is inserted
2023-03-10 23:46:55,375    INFO               sql.py:  60 -             SQL.  execute_values() the dataframe is inserted
2023-03-10 23:46:56,294    INFO               sql.py:  60 -             SQL.  execute_values() the dataframe is inserted
2023-03-10 23:46:57,652    INFO               sql.py:  60 -             SQL.  execute_values() the dataframe is inserted
2023-03-10 23:46:58,830    INFO               sql.py:  60 -             SQL.  execute_values() the dataframe is inserted
2023-03-10 23:46:59,154    INFO               sql.py:  60 -             SQL.  execute_values() the dataframe is inserted
2023-03-10 23:47:01,552    INFO               sql.py:  60 -             SQL.  execute_values() the dataframe is inserted
2023-03-10 23:47:02,939    INFO               sql.py:  60 -             SQL.  execute_values() the dataframe is inserted
2023-03-10 23:47:03,922    INFO               sql.py:  60 -             SQL.  execute_values() the dataframe is inserted
2023-03-10 23:47:04,248    INFO               sql.py:  60 -             SQL.  execute_values() the dataframe is inserted
2023-03-10 23:47:04,630    INFO               sql.py:  60 -             SQL.  execute_values() the dataframe is inserted
2023-03-10 23:47:05,451    INFO               sql.py:  60 -             SQL.  execute_values() the dataframe is inserted
2023-03-10 23:47:06,299    INFO               sql.py:  60 -             SQL.  execute_values() the dataframe is inserted
2023-03-10 23:47:07,266    INFO               sql.py:  60 -             SQL.  execute_values() the dataframe is inserted
2023-03-10 23:47:10,455    INFO               sql.py:  60 -             SQL.  execute_values() the dataframe is inserted
2023-03-10 23:47:12,156    INFO               sql.py:  60 -             SQL.  execute_values() the dataframe is inserted
2023-03-10 23:47:14,766    INFO               sql.py:  60 -             SQL.  execute_values() the dataframe is inserted
2023-03-10 23:48:53,974    INFO               sql.py:  60 -             SQL.  execute_values() the dataframe is inserted
2023-03-10 23:48:54,672    INFO               sql.py:  60 -             SQL.  execute_values() the dataframe is inserted
2023-03-10 23:48:56,289    INFO               sql.py:  60 -             SQL.  execute_values() the dataframe is inserted
2023-03-10 23:48:57,086    INFO               sql.py:  60 -             SQL.  execute_values() the dataframe is inserted
2023-03-10 23:48:58,211    INFO               sql.py:  60 -             SQL.  execute_values() the dataframe is inserted
2023-03-10 23:48:59,097    INFO               sql.py:  60 -             SQL.  execute_values() the dataframe is inserted
2023-03-10 23:48:59,904    INFO               sql.py:  60 -             SQL.  execute_values() the dataframe is inserted
2023-03-10 23:49:01,707    INFO               sql.py:  60 -             SQL.  execute_values() the dataframe is inserted
2023-03-10 23:49:02,971    INFO               sql.py:  60 -             SQL.  execute_values() the dataframe is inserted
2023-03-10 23:55:42,785    INFO               sql.py:  60 -             SQL.  execute_values() the dataframe is inserted
2023-03-10 23:55:44,030    INFO               sql.py:  60 -             SQL.  execute_values() the dataframe is inserted
2023-03-10 23:55:45,931    INFO               sql.py:  60 -             SQL.  execute_values() the dataframe is inserted
2023-03-10 23:57:25,619    INFO               sql.py:  60 -             SQL.  execute_values() the dataframe is inserted
2023-03-10 23:57:26,928    INFO               sql.py:  60 -             SQL.  execute_values() the dataframe is inserted
2023-03-10 23:57:27,372    INFO               sql.py:  60 -             SQL.  execute_values() the dataframe is inserted
2023-03-11 09:34:22,814    INFO               sql.py:  60 -             SQL.  execute_values() the dataframe is inserted
2023-03-11 09:34:33,178    INFO               sql.py:  60 -             SQL.  execute_values() the dataframe is inserted
2023-03-11 09:34:43,453    INFO               sql.py:  60 -             SQL.  execute_values() the dataframe is inserted
2023-03-11 09:34:53,594    INFO               sql.py:  60 -             SQL.  execute_values() the dataframe is inserted
2023-03-11 09:34:53,675    INFO               sql.py:  60 -             SQL.  execute_values() the dataframe is inserted
2023-03-11 09:35:20,556    INFO               sql.py:  60 -             SQL.  execute_values() the dataframe is inserted
2023-03-11 09:35:21,148    INFO               sql.py:  60 -             SQL.  execute_values() the dataframe is inserted
2023-03-11 09:35:21,904    INFO               sql.py:  60 -             SQL.  execute_values() the dataframe is inserted
2023-03-11 09:35:22,511    INFO               sql.py:  60 -             SQL.  execute_values() the dataframe is inserted
2023-03-11 09:35:23,484    INFO               sql.py:  60 -             SQL.  execute_values() the dataframe is inserted
2023-03-11 09:35:23,908    INFO               sql.py:  60 -             SQL.  execute_values() the dataframe is inserted
2023-03-11 09:35:24,666    INFO               sql.py:  60 -             SQL.  execute_values() the dataframe is inserted
2023-03-11 09:35:24,943    INFO               sql.py:  60 -             SQL.  execute_values() the dataframe is inserted
2023-03-11 09:35:25,857    INFO               sql.py:  60 -             SQL.  execute_values() the dataframe is inserted
2023-03-11 09:35:26,562    INFO               sql.py:  60 -             SQL.  execute_values() the dataframe is inserted
2023-03-11 09:35:26,830    INFO               sql.py:  60 -             SQL.  execute_values() the dataframe is inserted
2023-03-11 09:35:27,495    INFO               sql.py:  60 -             SQL.  execute_values() the dataframe is inserted
2023-03-11 09:35:27,770    INFO               sql.py:  60 -             SQL.  execute_values() the dataframe is inserted
2023-03-11 09:35:28,079    INFO               sql.py:  60 -             SQL.  execute_values() the dataframe is inserted
2023-03-11 09:35:28,816    INFO               sql.py:  60 -             SQL.  execute_values() the dataframe is inserted
2023-03-11 09:35:29,332    INFO               sql.py:  60 -             SQL.  execute_values() the dataframe is inserted
2023-03-11 09:35:30,077    INFO               sql.py:  60 -             SQL.  execute_values() the dataframe is inserted
2023-03-11 09:35:30,672    INFO               sql.py:  60 -             SQL.  execute_values() the dataframe is inserted
2023-03-11 09:35:30,939    INFO               sql.py:  60 -             SQL.  execute_values() the dataframe is inserted
2023-03-11 09:35:31,135    INFO               sql.py:  60 -             SQL.  execute_values() the dataframe is inserted
2023-03-11 09:35:55,789    INFO               sql.py:  60 -             SQL.  execute_values() the dataframe is inserted
2023-03-11 09:35:56,361    INFO               sql.py:  60 -             SQL.  execute_values() the dataframe is inserted
2023-03-11 09:35:57,090    INFO               sql.py:  60 -             SQL.  execute_values() the dataframe is inserted
2023-03-11 09:35:57,651    INFO               sql.py:  60 -             SQL.  execute_values() the dataframe is inserted
2023-03-11 09:35:58,607    INFO               sql.py:  60 -             SQL.  execute_values() the dataframe is inserted
2023-03-11 09:35:58,936    INFO               sql.py:  60 -             SQL.  execute_values() the dataframe is inserted
2023-03-11 09:35:59,646    INFO               sql.py:  60 -             SQL.  execute_values() the dataframe is inserted
2023-03-11 09:35:59,649    INFO               sql.py:  60 -             SQL.  execute_values() the dataframe is inserted
2023-03-11 09:36:14,203    INFO               sql.py:  60 -             SQL.  execute_values() the dataframe is inserted
2023-03-11 09:36:14,765    INFO               sql.py:  60 -             SQL.  execute_values() the dataframe is inserted
2023-03-11 09:36:15,459    INFO               sql.py:  60 -             SQL.  execute_values() the dataframe is inserted
2023-03-11 09:36:16,024    INFO               sql.py:  60 -             SQL.  execute_values() the dataframe is inserted
2023-03-11 09:36:16,987    INFO               sql.py:  60 -             SQL.  execute_values() the dataframe is inserted
2023-03-11 09:36:17,702    INFO               sql.py:  60 -             SQL.  execute_values() the dataframe is inserted
2023-03-11 09:36:17,980    INFO               sql.py:  60 -             SQL.  execute_values() the dataframe is inserted
2023-03-11 09:36:17,983    INFO               sql.py:  60 -             SQL.  execute_values() the dataframe is inserted
2023-03-11 09:36:45,661    INFO               sql.py:  60 -             SQL.  execute_values() the dataframe is inserted
2023-03-11 09:36:46,130    INFO               sql.py:  60 -             SQL.  execute_values() the dataframe is inserted
2023-03-11 09:36:46,429    INFO               sql.py:  60 -             SQL.  execute_values() the dataframe is inserted
2023-03-11 09:36:47,288    INFO               sql.py:  60 -             SQL.  execute_values() the dataframe is inserted
2023-03-11 09:36:48,914    INFO               sql.py:  60 -             SQL.  execute_values() the dataframe is inserted
2023-03-11 09:36:49,279    INFO               sql.py:  60 -             SQL.  execute_values() the dataframe is inserted
2023-03-11 09:36:49,556    INFO               sql.py:  60 -             SQL.  execute_values() the dataframe is inserted
2023-03-11 09:36:51,315    INFO               sql.py:  60 -             SQL.  execute_values() the dataframe is inserted
2023-03-11 09:36:51,712    INFO               sql.py:  60 -             SQL.  execute_values() the dataframe is inserted
2023-03-11 09:36:52,069    INFO               sql.py:  60 -             SQL.  execute_values() the dataframe is inserted
2023-03-11 09:36:52,762    INFO               sql.py:  60 -             SQL.  execute_values() the dataframe is inserted
2023-03-11 09:36:53,115    INFO               sql.py:  60 -             SQL.  execute_values() the dataframe is inserted
2023-03-11 09:36:56,319    INFO               sql.py:  60 -             SQL.  execute_values() the dataframe is inserted
2023-03-11 09:36:56,494    INFO               sql.py:  60 -             SQL.  execute_values() the dataframe is inserted
2023-03-11 09:37:20,986    INFO               sql.py:  60 -             SQL.  execute_values() the dataframe is inserted
2023-03-11 09:37:21,305    INFO               sql.py:  60 -             SQL.  execute_values() the dataframe is inserted
2023-03-11 09:37:22,329    INFO               sql.py:  60 -             SQL.  execute_values() the dataframe is inserted
2023-03-11 09:37:22,722    INFO               sql.py:  60 -             SQL.  execute_values() the dataframe is inserted
2023-03-11 09:37:23,530    INFO               sql.py:  60 -             SQL.  execute_values() the dataframe is inserted
2023-03-11 09:37:23,831    INFO               sql.py:  60 -             SQL.  execute_values() the dataframe is inserted
2023-03-11 09:37:24,147    INFO               sql.py:  60 -             SQL.  execute_values() the dataframe is inserted
2023-03-11 09:37:24,443    INFO               sql.py:  60 -             SQL.  execute_values() the dataframe is inserted
2023-03-11 09:37:24,719    INFO               sql.py:  60 -             SQL.  execute_values() the dataframe is inserted
2023-03-11 09:37:25,279    INFO               sql.py:  60 -             SQL.  execute_values() the dataframe is inserted
2023-03-11 09:37:25,564    INFO               sql.py:  60 -             SQL.  execute_values() the dataframe is inserted
2023-03-11 09:37:26,399    INFO               sql.py:  60 -             SQL.  execute_values() the dataframe is inserted
2023-03-11 09:37:26,660    INFO               sql.py:  60 -             SQL.  execute_values() the dataframe is inserted
2023-03-11 09:37:26,841    INFO               sql.py:  60 -             SQL.  execute_values() the dataframe is inserted
2023-03-11 09:37:52,126    INFO               sql.py:  60 -             SQL.  execute_values() the dataframe is inserted
2023-03-11 09:37:52,787    INFO               sql.py:  60 -             SQL.  execute_values() the dataframe is inserted
2023-03-11 09:37:53,519    INFO               sql.py:  60 -             SQL.  execute_values() the dataframe is inserted
2023-03-11 09:37:53,521    INFO               sql.py:  60 -             SQL.  execute_values() the dataframe is inserted
2023-03-11 09:52:43,309    INFO               sql.py:  64 -             SQL.  execute_values() the dataframe is inserted
2023-03-11 09:52:54,727    INFO               sql.py:  64 -             SQL.  execute_values() the dataframe is inserted
2023-03-11 09:52:59,673    INFO               sql.py:  64 -             SQL.  execute_values() the dataframe is inserted
2023-03-11 09:53:04,203    INFO               sql.py:  64 -             SQL.  execute_values() the dataframe is inserted
2023-03-11 09:53:23,854    INFO               sql.py:  64 -             SQL.  execute_values() the dataframe is inserted
2023-03-11 09:53:34,088    INFO               sql.py:  64 -             SQL.  execute_values() the dataframe is inserted
2023-03-11 09:53:44,362    INFO               sql.py:  64 -             SQL.  execute_values() the dataframe is inserted
2023-03-11 09:53:55,091    INFO               sql.py:  64 -             SQL.  execute_values() the dataframe is inserted
2023-03-11 09:53:55,094    INFO               sql.py:  64 -             SQL.  execute_values() the dataframe is inserted
2023-03-11 09:58:54,530    INFO               sql.py:  64 -             SQL.  execute_values() the dataframe is inserted
2023-03-11 09:58:54,872    INFO               sql.py:  64 -             SQL.  execute_values() the dataframe is inserted
2023-03-11 09:58:55,518    INFO               sql.py:  64 -             SQL.  execute_values() the dataframe is inserted
2023-03-11 09:58:55,520    INFO               sql.py:  64 -             SQL.  execute_values() the dataframe is inserted
2023-03-11 09:59:58,223    INFO               sql.py:  64 -             SQL.  execute_values() the dataframe is inserted
2023-03-11 10:00:08,820    INFO               sql.py:  64 -             SQL.  execute_values() the dataframe is inserted
2023-03-11 10:00:29,381    INFO               sql.py:  64 -             SQL.  execute_values() the dataframe is inserted
2023-03-11 10:00:39,614    INFO               sql.py:  64 -             SQL.  execute_values() the dataframe is inserted
2023-03-11 10:00:50,179    INFO               sql.py:  64 -             SQL.  execute_values() the dataframe is inserted
2023-03-11 10:01:00,601    INFO               sql.py:  64 -             SQL.  execute_values() the dataframe is inserted
2023-03-11 10:01:11,266    INFO               sql.py:  64 -             SQL.  execute_values() the dataframe is inserted
2023-03-11 10:01:21,680    INFO               sql.py:  64 -             SQL.  execute_values() the dataframe is inserted
2023-03-11 10:01:31,977    INFO               sql.py:  64 -             SQL.  execute_values() the dataframe is inserted
2023-03-11 10:01:42,323    INFO               sql.py:  64 -             SQL.  execute_values() the dataframe is inserted
2023-03-11 10:01:52,644    INFO               sql.py:  64 -             SQL.  execute_values() the dataframe is inserted
2023-03-11 10:02:03,512    INFO               sql.py:  64 -             SQL.  execute_values() the dataframe is inserted
2023-03-11 10:02:13,812    INFO               sql.py:  64 -             SQL.  execute_values() the dataframe is inserted
2023-03-11 10:02:13,920    INFO               sql.py:  64 -             SQL.  execute_values() the dataframe is inserted
