-------------- LOG FILE FOR SubmissionsAnalysis --------------
2023-03-09 21:45:55,417    INFO          analyzer.py: 204 - SubmissionsAnalysis.         routine() 11manoh
2023-03-09 21:45:55,427    INFO          analyzer.py: 204 - SubmissionsAnalysis.         routine() 11lijmj
2023-03-09 21:45:55,439    INFO          analyzer.py: 204 - SubmissionsAnalysis.         routine() 11losax
2023-03-09 21:45:55,453    INFO          analyzer.py: 204 - SubmissionsAnalysis.         routine() 11m0nl3
2023-03-09 21:45:55,464    INFO          analyzer.py: 204 - SubmissionsAnalysis.         routine() 11m8dpo
2023-03-10 22:43:26,357    INFO          analyzer.py: 199 - SubmissionsAnalysis.         routine() 11nmb3s
2023-03-10 22:43:26,365    INFO          analyzer.py: 199 - SubmissionsAnalysis.         routine() 11n3mvo
2023-03-10 22:43:26,376    INFO          analyzer.py: 199 - SubmissionsAnalysis.         routine() 11n980v
2023-03-10 22:43:26,385    INFO          analyzer.py: 199 - SubmissionsAnalysis.         routine() 11neyp5
2023-03-10 22:43:26,395    INFO          analyzer.py: 199 - SubmissionsAnalysis.         routine() 11nhv2f
2023-03-10 22:43:26,404    INFO          analyzer.py: 199 - SubmissionsAnalysis.         routine() 11n7cpq
2023-03-10 22:43:26,413    INFO          analyzer.py: 199 - SubmissionsAnalysis.         routine() 11nis8s
2023-03-10 22:43:26,422    INFO          analyzer.py: 199 - SubmissionsAnalysis.         routine() 11mrs4l
2023-03-10 22:49:23,626    INFO          analyzer.py: 199 - SubmissionsAnalysis.         routine() 11bbap4
2023-03-10 22:49:23,642    INFO          analyzer.py: 199 - SubmissionsAnalysis.         routine() 11n67hi
2023-03-10 22:49:23,651    INFO          analyzer.py: 199 - SubmissionsAnalysis.         routine() 11bfm9n
2023-03-10 22:49:23,662    INFO          analyzer.py: 199 - SubmissionsAnalysis.         routine() 11bn97i
2023-03-10 22:52:04,679    INFO          analyzer.py: 199 - SubmissionsAnalysis.         routine() 11n78zg
2023-03-10 22:52:04,687    INFO          analyzer.py: 199 - SubmissionsAnalysis.         routine() 11b8hv6
2023-03-10 22:52:04,697    INFO          analyzer.py: 199 - SubmissionsAnalysis.         routine() 11nc9n5
2023-03-10 22:52:04,713    INFO          analyzer.py: 199 - SubmissionsAnalysis.         routine() 11iooio
2023-03-10 22:52:04,733    INFO          analyzer.py: 199 - SubmissionsAnalysis.         routine() 11bsts9
2023-03-10 22:52:04,742    INFO          analyzer.py: 199 - SubmissionsAnalysis.         routine() 11maygl
2023-03-10 22:52:04,751    INFO          analyzer.py: 199 - SubmissionsAnalysis.         routine() 11ncg2a
2023-03-10 22:52:04,759    INFO          analyzer.py: 199 - SubmissionsAnalysis.         routine() 11igmpe
2023-03-10 22:52:04,774    INFO          analyzer.py: 199 - SubmissionsAnalysis.         routine() 11nobky
2023-03-10 22:52:04,788    INFO          analyzer.py: 199 - SubmissionsAnalysis.         routine() 11c0wvh
2023-03-10 22:52:04,797    INFO          analyzer.py: 199 - SubmissionsAnalysis.         routine() 11nfhot
2023-03-10 22:52:04,805    INFO          analyzer.py: 199 - SubmissionsAnalysis.         routine() 11nl2n4
2023-03-10 22:52:04,814    INFO          analyzer.py: 199 - SubmissionsAnalysis.         routine() 11c1hzc
2023-03-10 22:52:04,822    INFO          analyzer.py: 199 - SubmissionsAnalysis.         routine() 11nn4ux
2023-03-10 22:52:04,830    INFO          analyzer.py: 199 - SubmissionsAnalysis.         routine() 11isomm
2023-03-10 22:52:04,845    INFO          analyzer.py: 199 - SubmissionsAnalysis.         routine() 11bcuet
2023-03-10 22:52:04,854    INFO          analyzer.py: 199 - SubmissionsAnalysis.         routine() 11mvunn
2023-03-10 22:52:04,870    INFO          analyzer.py: 199 - SubmissionsAnalysis.         routine() 11bwn2m
2023-03-10 22:52:04,878    INFO          analyzer.py: 199 - SubmissionsAnalysis.         routine() 11bd5va
2023-03-10 22:52:04,897    INFO          analyzer.py: 199 - SubmissionsAnalysis.         routine() 11mtpik
2023-03-10 22:52:04,907    INFO          analyzer.py: 199 - SubmissionsAnalysis.         routine() 11n27n2
2023-03-10 22:52:04,915    INFO          analyzer.py: 199 - SubmissionsAnalysis.         routine() 11bbap4
2023-03-10 22:52:04,924    INFO          analyzer.py: 199 - SubmissionsAnalysis.         routine() 11ni8ia
2023-03-10 22:52:04,932    INFO          analyzer.py: 199 - SubmissionsAnalysis.         routine() 11hgdr6
2023-03-10 22:52:04,940    INFO          analyzer.py: 199 - SubmissionsAnalysis.         routine() 11bn97i
2023-03-10 22:52:04,950    INFO          analyzer.py: 199 - SubmissionsAnalysis.         routine() 11idjj6
2023-03-10 22:52:04,959    INFO          analyzer.py: 199 - SubmissionsAnalysis.         routine() 11c3aq9
2023-03-10 22:52:04,968    INFO          analyzer.py: 199 - SubmissionsAnalysis.         routine() 11blo63
2023-03-10 22:52:04,977    INFO          analyzer.py: 199 - SubmissionsAnalysis.         routine() 11mq3b9
2023-03-10 22:52:04,986    INFO          analyzer.py: 199 - SubmissionsAnalysis.         routine() 11isfd2
2023-03-10 22:52:04,994    INFO          analyzer.py: 199 - SubmissionsAnalysis.         routine() 11c2j2y
2023-03-10 22:52:05,010    INFO          analyzer.py: 199 - SubmissionsAnalysis.         routine() 11bu86i
2023-03-10 22:52:05,020    INFO          analyzer.py: 199 - SubmissionsAnalysis.         routine() 11bdcyo
2023-03-10 22:52:05,029    INFO          analyzer.py: 199 - SubmissionsAnalysis.         routine() 11ngr9o
2023-03-10 22:52:05,040    INFO          analyzer.py: 199 - SubmissionsAnalysis.         routine() 11bkpu3
2023-03-10 22:52:05,048    INFO          analyzer.py: 199 - SubmissionsAnalysis.         routine() 11bfm9n
2023-03-10 22:52:05,056    INFO          analyzer.py: 199 - SubmissionsAnalysis.         routine() 11mv7i7
2023-03-10 22:52:05,066    INFO          analyzer.py: 199 - SubmissionsAnalysis.         routine() 11bb02i
2023-03-10 23:00:50,360    INFO          analyzer.py: 200 - SubmissionsAnalysis.         routine() 11aq2v4
2023-03-10 23:00:50,376    INFO          analyzer.py: 200 - SubmissionsAnalysis.         routine() 11bu86i
2023-03-10 23:00:50,385    INFO          analyzer.py: 200 - SubmissionsAnalysis.         routine() 11nl2n4
2023-03-10 23:00:50,400    INFO          analyzer.py: 200 - SubmissionsAnalysis.         routine() 11c0wvh
2023-03-10 23:00:50,410    INFO          analyzer.py: 200 - SubmissionsAnalysis.         routine() 11isomm
2023-03-10 23:00:50,418    INFO          analyzer.py: 200 - SubmissionsAnalysis.         routine() 11ngr9o
2023-03-10 23:00:50,427    INFO          analyzer.py: 200 - SubmissionsAnalysis.         routine() 11maygl
2023-03-10 23:00:50,436    INFO          analyzer.py: 200 - SubmissionsAnalysis.         routine() 11isfd2
2023-03-10 23:00:50,445    INFO          analyzer.py: 200 - SubmissionsAnalysis.         routine() 11mv7i7
2023-03-10 23:00:50,454    INFO          analyzer.py: 200 - SubmissionsAnalysis.         routine() 11nmzhx
2023-03-10 23:00:50,464    INFO          analyzer.py: 200 - SubmissionsAnalysis.         routine() 11nc9n5
2023-03-10 23:00:50,473    INFO          analyzer.py: 200 - SubmissionsAnalysis.         routine() 11nn4ux
2023-03-10 23:00:50,482    INFO          analyzer.py: 200 - SubmissionsAnalysis.         routine() 119lkhc
2023-03-10 23:00:50,493    INFO          analyzer.py: 200 - SubmissionsAnalysis.         routine() 11m8mk4
2023-03-10 23:00:50,508    INFO          analyzer.py: 200 - SubmissionsAnalysis.         routine() 11mgffh
2023-03-10 23:00:50,519    INFO          analyzer.py: 200 - SubmissionsAnalysis.         routine() 11mxwvx
2023-03-10 23:00:50,535    INFO          analyzer.py: 200 - SubmissionsAnalysis.         routine() 11amzzn
2023-03-10 23:00:50,545    INFO          analyzer.py: 200 - SubmissionsAnalysis.         routine() 11n78zg
2023-03-10 23:00:50,555    INFO          analyzer.py: 200 - SubmissionsAnalysis.         routine() 11bkpu3
2023-03-10 23:00:50,564    INFO          analyzer.py: 200 - SubmissionsAnalysis.         routine() 11bbap4
2023-03-10 23:00:50,573    INFO          analyzer.py: 200 - SubmissionsAnalysis.         routine() 11c2j2y
2023-03-10 23:00:50,587    INFO          analyzer.py: 200 - SubmissionsAnalysis.         routine() 11lljp6
2023-03-10 23:00:50,602    INFO          analyzer.py: 200 - SubmissionsAnalysis.         routine() 11iul6f
2023-03-10 23:00:50,611    INFO          analyzer.py: 200 - SubmissionsAnalysis.         routine() 11nfhot
2023-03-10 23:00:50,627    INFO          analyzer.py: 200 - SubmissionsAnalysis.         routine() 11nobky
2023-03-10 23:00:50,635    INFO          analyzer.py: 200 - SubmissionsAnalysis.         routine() 11c3aq9
2023-03-10 23:00:50,647    INFO          analyzer.py: 200 - SubmissionsAnalysis.         routine() 11mo2o6
2023-03-10 23:00:50,657    INFO          analyzer.py: 200 - SubmissionsAnalysis.         routine() 11ncg2a
2023-03-10 23:00:50,666    INFO          analyzer.py: 200 - SubmissionsAnalysis.         routine() 11ni8ia
2023-03-10 23:00:50,677    INFO          analyzer.py: 200 - SubmissionsAnalysis.         routine() 11mozem
2023-03-10 23:00:50,686    INFO          analyzer.py: 200 - SubmissionsAnalysis.         routine() 11n7i66
2023-03-10 23:00:50,695    INFO          analyzer.py: 200 - SubmissionsAnalysis.         routine() 11hgdr6
2023-03-10 23:00:50,704    INFO          analyzer.py: 200 - SubmissionsAnalysis.         routine() 11igmpe
2023-03-10 23:00:50,714    INFO          analyzer.py: 200 - SubmissionsAnalysis.         routine() 11n6ar0
2023-03-10 23:00:50,723    INFO          analyzer.py: 200 - SubmissionsAnalysis.         routine() 11n27n2
2023-03-10 23:00:50,732    INFO          analyzer.py: 200 - SubmissionsAnalysis.         routine() 11bjgv6
2023-03-10 23:00:50,748    INFO          analyzer.py: 200 - SubmissionsAnalysis.         routine() 11bcuet
2023-03-10 23:00:50,764    INFO          analyzer.py: 200 - SubmissionsAnalysis.         routine() 11bwn2m
2023-03-10 23:00:50,784    INFO          analyzer.py: 200 - SubmissionsAnalysis.         routine() 11mtpik
2023-03-10 23:00:50,794    INFO          analyzer.py: 200 - SubmissionsAnalysis.         routine() 11mq3b9
2023-03-10 23:00:50,804    INFO          analyzer.py: 200 - SubmissionsAnalysis.         routine() 11nncpf
2023-03-10 23:00:50,813    INFO          analyzer.py: 200 - SubmissionsAnalysis.         routine() 11idjj6
2023-03-10 23:00:50,822    INFO          analyzer.py: 200 - SubmissionsAnalysis.         routine() 11bn8mm
2023-03-10 23:00:50,831    INFO          analyzer.py: 200 - SubmissionsAnalysis.         routine() 11bd5va
2023-03-10 23:00:50,840    INFO          analyzer.py: 200 - SubmissionsAnalysis.         routine() 11bn97i
2023-03-10 23:00:50,848    INFO          analyzer.py: 200 - SubmissionsAnalysis.         routine() 11b8hv6
2023-03-10 23:00:50,864    INFO          analyzer.py: 200 - SubmissionsAnalysis.         routine() 11iooio
2023-03-10 23:00:50,873    INFO          analyzer.py: 200 - SubmissionsAnalysis.         routine() 11n4817
2023-03-10 23:04:16,848    INFO          analyzer.py: 201 - SubmissionsAnalysis.         routine() 11b8hv6
2023-03-10 23:04:16,865    INFO          analyzer.py: 201 - SubmissionsAnalysis.         routine() 11iooio
2023-03-10 23:04:16,875    INFO          analyzer.py: 201 - SubmissionsAnalysis.         routine() 11idjj6
2023-03-10 23:04:36,697    INFO          analyzer.py: 201 - SubmissionsAnalysis.         routine() 11amzzn
2023-03-10 23:27:39,284    INFO          analyzer.py: 202 - SubmissionsAnalysis.         routine() 11mozem
2023-03-10 23:27:39,294    INFO          analyzer.py: 202 - SubmissionsAnalysis.         routine() 11mq3b9
2023-03-10 23:27:39,319    INFO          analyzer.py: 202 - SubmissionsAnalysis.         routine() 11mtpik
2023-03-10 23:27:39,337    INFO          analyzer.py: 202 - SubmissionsAnalysis.         routine() 11nobky
2023-03-10 23:27:39,347    INFO          analyzer.py: 202 - SubmissionsAnalysis.         routine() 11bd5va
2023-03-10 23:27:39,359    INFO          analyzer.py: 202 - SubmissionsAnalysis.         routine() 11maygl
2023-03-10 23:27:39,380    INFO          analyzer.py: 202 - SubmissionsAnalysis.         routine() 11bcuet
2023-03-10 23:27:39,389    INFO          analyzer.py: 202 - SubmissionsAnalysis.         routine() 11isomm
2023-03-10 23:27:39,406    INFO          analyzer.py: 202 - SubmissionsAnalysis.         routine() 11mgffh
2023-03-10 23:27:39,427    INFO          analyzer.py: 202 - SubmissionsAnalysis.         routine() 11bnecd
2023-03-10 23:27:39,438    INFO          analyzer.py: 202 - SubmissionsAnalysis.         routine() 11mvunn
2023-03-10 23:27:39,451    INFO          analyzer.py: 202 - SubmissionsAnalysis.         routine() 11mv7i7
2023-03-10 23:27:39,462    INFO          analyzer.py: 202 - SubmissionsAnalysis.         routine() 11n78zg
2023-03-10 23:27:39,479    INFO          analyzer.py: 202 - SubmissionsAnalysis.         routine() 11iooio
2023-03-10 23:27:39,489    INFO          analyzer.py: 202 - SubmissionsAnalysis.         routine() 11idjj6
2023-03-10 23:27:39,499    INFO          analyzer.py: 202 - SubmissionsAnalysis.         routine() 11nc9n5
2023-03-10 23:27:39,509    INFO          analyzer.py: 202 - SubmissionsAnalysis.         routine() 11bn8mm
2023-03-10 23:27:39,518    INFO          analyzer.py: 202 - SubmissionsAnalysis.         routine() 119lkhc
2023-03-10 23:27:39,529    INFO          analyzer.py: 202 - SubmissionsAnalysis.         routine() 11mxwvx
2023-03-10 23:27:39,539    INFO          analyzer.py: 202 - SubmissionsAnalysis.         routine() 11nncpf
2023-03-10 23:27:39,556    INFO          analyzer.py: 202 - SubmissionsAnalysis.         routine() 11bu86i
2023-03-10 23:27:39,566    INFO          analyzer.py: 202 - SubmissionsAnalysis.         routine() 11nl2n4
2023-03-10 23:27:39,576    INFO          analyzer.py: 202 - SubmissionsAnalysis.         routine() 11bbap4
2023-03-10 23:27:39,586    INFO          analyzer.py: 202 - SubmissionsAnalysis.         routine() 11ngr9o
2023-03-10 23:28:38,483    INFO          analyzer.py: 204 - SubmissionsAnalysis.         routine() 11nl2n4
2023-03-10 23:28:38,501    INFO          analyzer.py: 204 - SubmissionsAnalysis.         routine() 11mqnra
2023-03-10 23:28:38,511    INFO          analyzer.py: 204 - SubmissionsAnalysis.         routine() 11bbap4
2023-03-10 23:28:38,529    INFO          analyzer.py: 204 - SubmissionsAnalysis.         routine() 11bu86i
2023-03-10 23:28:38,541    INFO          analyzer.py: 204 - SubmissionsAnalysis.         routine() 11nn4ux
2023-03-10 23:28:38,560    INFO          analyzer.py: 204 - SubmissionsAnalysis.         routine() 11nobky
2023-03-10 23:28:38,570    INFO          analyzer.py: 204 - SubmissionsAnalysis.         routine() 11bjgv6
2023-03-10 23:28:38,580    INFO          analyzer.py: 204 - SubmissionsAnalysis.         routine() 11nncpf
2023-03-10 23:28:38,596    INFO          analyzer.py: 204 - SubmissionsAnalysis.         routine() 11aq2v4
2023-03-10 23:28:38,606    INFO          analyzer.py: 204 - SubmissionsAnalysis.         routine() 11nipcz
2023-03-10 23:28:38,621    INFO          analyzer.py: 204 - SubmissionsAnalysis.         routine() fh9wqi
2023-03-10 23:28:38,638    INFO          analyzer.py: 204 - SubmissionsAnalysis.         routine() 11amzzn
2023-03-10 23:28:38,647    INFO          analyzer.py: 204 - SubmissionsAnalysis.         routine() 11bd5va
2023-03-10 23:28:38,656    INFO          analyzer.py: 204 - SubmissionsAnalysis.         routine() 11n7i66
2023-03-10 23:28:38,672    INFO          analyzer.py: 204 - SubmissionsAnalysis.         routine() 11bwn2m
2023-03-10 23:28:38,681    INFO          analyzer.py: 204 - SubmissionsAnalysis.         routine() 11n4817
2023-03-10 23:28:38,697    INFO          analyzer.py: 204 - SubmissionsAnalysis.         routine() 11bcuet
2023-03-10 23:28:38,707    INFO          analyzer.py: 204 - SubmissionsAnalysis.         routine() 11m8mk4
2023-03-10 23:28:38,716    INFO          analyzer.py: 204 - SubmissionsAnalysis.         routine() 11c3aq9
2023-03-10 23:28:38,726    INFO          analyzer.py: 204 - SubmissionsAnalysis.         routine() 11igmpe
2023-03-10 23:28:38,738    INFO          analyzer.py: 204 - SubmissionsAnalysis.         routine() 11mo2o6
2023-03-10 23:28:38,748    INFO          analyzer.py: 204 - SubmissionsAnalysis.         routine() 11mozem
2023-03-10 23:28:38,758    INFO          analyzer.py: 204 - SubmissionsAnalysis.         routine() 11b8hv6
2023-03-10 23:28:38,770    INFO          analyzer.py: 204 - SubmissionsAnalysis.         routine() 11lljp6
2023-03-10 23:28:38,780    INFO          analyzer.py: 204 - SubmissionsAnalysis.         routine() 11ngr9o
2023-03-10 23:28:38,792    INFO          analyzer.py: 204 - SubmissionsAnalysis.         routine() 11mvunn
2023-03-10 23:28:38,803    INFO          analyzer.py: 204 - SubmissionsAnalysis.         routine() 11bb02i
2023-03-10 23:28:38,820    INFO          analyzer.py: 204 - SubmissionsAnalysis.         routine() 11iul6f
2023-03-10 23:28:38,829    INFO          analyzer.py: 204 - SubmissionsAnalysis.         routine() 11n27n2
2023-03-10 23:28:38,839    INFO          analyzer.py: 204 - SubmissionsAnalysis.         routine() 11mxwvx
2023-03-10 23:28:38,848    INFO          analyzer.py: 204 - SubmissionsAnalysis.         routine() 11hgdr6
2023-03-10 23:28:38,857    INFO          analyzer.py: 204 - SubmissionsAnalysis.         routine() 11nmzhx
2023-03-10 23:28:38,866    INFO          analyzer.py: 204 - SubmissionsAnalysis.         routine() 11bn97i
2023-03-10 23:28:38,877    INFO          analyzer.py: 204 - SubmissionsAnalysis.         routine() 11nc9n5
2023-03-10 23:28:38,887    INFO          analyzer.py: 204 - SubmissionsAnalysis.         routine() 11idjj6
2023-03-10 23:28:38,895    INFO          analyzer.py: 204 - SubmissionsAnalysis.         routine() 11c1hzc
2023-03-10 23:28:38,912    INFO          analyzer.py: 204 - SubmissionsAnalysis.         routine() 11mgffh
2023-03-10 23:28:38,922    INFO          analyzer.py: 204 - SubmissionsAnalysis.         routine() 119lkhc
2023-03-10 23:28:38,931    INFO          analyzer.py: 204 - SubmissionsAnalysis.         routine() 11bkpu3
2023-03-10 23:28:38,940    INFO          analyzer.py: 204 - SubmissionsAnalysis.         routine() 11ni8ia
2023-03-10 23:28:38,949    INFO          analyzer.py: 204 - SubmissionsAnalysis.         routine() 11ncg2a
2023-03-10 23:28:38,970    INFO          analyzer.py: 204 - SubmissionsAnalysis.         routine() 11mtpik
2023-03-10 23:28:38,980    INFO          analyzer.py: 204 - SubmissionsAnalysis.         routine() 11bn8mm
2023-03-10 23:28:38,989    INFO          analyzer.py: 204 - SubmissionsAnalysis.         routine() 11bnecd
2023-03-10 23:28:38,998    INFO          analyzer.py: 204 - SubmissionsAnalysis.         routine() 11c2j2y
2023-03-10 23:28:39,007    INFO          analyzer.py: 204 - SubmissionsAnalysis.         routine() 11ipm2a
2023-03-10 23:28:39,017    INFO          analyzer.py: 204 - SubmissionsAnalysis.         routine() 11isfd2
2023-03-10 23:28:39,027    INFO          analyzer.py: 204 - SubmissionsAnalysis.         routine() 11bsts9
2023-03-10 23:28:39,036    INFO          analyzer.py: 204 - SubmissionsAnalysis.         routine() 11bfm9n
2023-03-10 23:28:39,046    INFO          analyzer.py: 204 - SubmissionsAnalysis.         routine() 11mq3b9
2023-03-10 23:28:39,056    INFO          analyzer.py: 204 - SubmissionsAnalysis.         routine() 11bdcyo
2023-03-10 23:28:39,065    INFO          analyzer.py: 204 - SubmissionsAnalysis.         routine() 11blo63
2023-03-10 23:28:39,075    INFO          analyzer.py: 204 - SubmissionsAnalysis.         routine() 11n6ar0
2023-03-10 23:28:39,091    INFO          analyzer.py: 204 - SubmissionsAnalysis.         routine() 11iooio
2023-03-10 23:28:39,100    INFO          analyzer.py: 204 - SubmissionsAnalysis.         routine() 11nfhot
2023-03-10 23:28:39,113    INFO          analyzer.py: 204 - SubmissionsAnalysis.         routine() 11mv7i7
2023-03-10 23:28:39,124    INFO          analyzer.py: 204 - SubmissionsAnalysis.         routine() 11n78zg
2023-03-10 23:28:39,140    INFO          analyzer.py: 204 - SubmissionsAnalysis.         routine() 11c0wvh
2023-03-10 23:28:39,150    INFO          analyzer.py: 204 - SubmissionsAnalysis.         routine() 11maygl
2023-03-10 23:28:39,159    INFO          analyzer.py: 204 - SubmissionsAnalysis.         routine() 11isomm
2023-03-10 23:28:39,169    INFO          analyzer.py: 204 - SubmissionsAnalysis.         routine() 11ne7xz
2023-03-10 23:35:14,561    INFO          analyzer.py: 204 - SubmissionsAnalysis.         routine() 11npbfz
2023-03-10 23:35:14,571    INFO          analyzer.py: 204 - SubmissionsAnalysis.         routine() 11ltiay
2023-03-10 23:35:14,579    INFO          analyzer.py: 204 - SubmissionsAnalysis.         routine() 11nocp2
2023-03-10 23:57:27,007    INFO          analyzer.py: 204 - SubmissionsAnalysis.         routine() 11myoug
2023-03-10 23:57:27,016    INFO          analyzer.py: 204 - SubmissionsAnalysis.         routine() 11n9cbq
2023-03-10 23:57:27,025    INFO          analyzer.py: 204 - SubmissionsAnalysis.         routine() 11n6q9w
2023-03-10 23:57:27,035    INFO          analyzer.py: 204 - SubmissionsAnalysis.         routine() 11mc5sd
2023-03-10 23:57:27,045    INFO          analyzer.py: 204 - SubmissionsAnalysis.         routine() 11mz1ji
2023-03-10 23:57:27,054    INFO          analyzer.py: 204 - SubmissionsAnalysis.         routine() 11mzqzd
2023-03-10 23:57:27,068    INFO          analyzer.py: 204 - SubmissionsAnalysis.         routine() 11mxutc
2023-03-10 23:57:27,077    INFO          analyzer.py: 204 - SubmissionsAnalysis.         routine() 3n9tky
2023-03-10 23:57:27,086    INFO          analyzer.py: 204 - SubmissionsAnalysis.         routine() 11mn34c
2023-03-10 23:57:27,097    INFO          analyzer.py: 204 - SubmissionsAnalysis.         routine() 11npqf2
2023-03-10 23:57:27,107    INFO          analyzer.py: 204 - SubmissionsAnalysis.         routine() 11f36gd
2023-03-10 23:57:27,120    INFO          analyzer.py: 204 - SubmissionsAnalysis.         routine() 11nl91c
2023-03-10 23:57:27,131    INFO          analyzer.py: 204 - SubmissionsAnalysis.         routine() 11evwrc
2023-03-10 23:57:27,141    INFO          analyzer.py: 204 - SubmissionsAnalysis.         routine() 11mmu9b
2023-03-10 23:57:27,151    INFO          analyzer.py: 204 - SubmissionsAnalysis.         routine() 11ng6od
2023-03-10 23:57:27,160    INFO          analyzer.py: 204 - SubmissionsAnalysis.         routine() 11ndyrc
2023-03-10 23:57:27,169    INFO          analyzer.py: 204 - SubmissionsAnalysis.         routine() 11nf2qy
2023-03-10 23:57:27,178    INFO          analyzer.py: 204 - SubmissionsAnalysis.         routine() 11n22ye
2023-03-10 23:57:27,188    INFO          analyzer.py: 204 - SubmissionsAnalysis.         routine() 11noq73
2023-03-10 23:57:27,199    INFO          analyzer.py: 204 - SubmissionsAnalysis.         routine() 11mwj2t
2023-03-10 23:57:27,209    INFO          analyzer.py: 204 - SubmissionsAnalysis.         routine() 11mx1zd
2023-03-10 23:57:27,221    INFO          analyzer.py: 204 - SubmissionsAnalysis.         routine() 11muu11
2023-03-10 23:57:27,245    INFO          analyzer.py: 204 - SubmissionsAnalysis.         routine() 11mu4i4
2023-03-10 23:57:27,255    INFO          analyzer.py: 204 - SubmissionsAnalysis.         routine() 11nmmjw
2023-03-10 23:57:27,264    INFO          analyzer.py: 204 - SubmissionsAnalysis.         routine() 11ned6g
2023-03-10 23:57:27,274    INFO          analyzer.py: 204 - SubmissionsAnalysis.         routine() 11mlwty
2023-03-10 23:57:27,283    INFO          analyzer.py: 204 - SubmissionsAnalysis.         routine() 11njpb9
2023-03-10 23:57:27,294    INFO          analyzer.py: 204 - SubmissionsAnalysis.         routine() 11munmo
2023-03-10 23:57:27,321    INFO          analyzer.py: 204 - SubmissionsAnalysis.         routine() 11mkyiz
2023-03-10 23:57:27,333    INFO          analyzer.py: 204 - SubmissionsAnalysis.         routine() 11n7w39
2023-03-10 23:57:27,342    INFO          analyzer.py: 204 - SubmissionsAnalysis.         routine() 11mzqxu
2023-03-10 23:57:27,358    INFO          analyzer.py: 204 - SubmissionsAnalysis.         routine() 11e7ukr
2023-03-10 23:57:27,368    INFO          analyzer.py: 204 - SubmissionsAnalysis.         routine() 11n0v00
2023-03-11 09:34:53,672    INFO          analyzer.py: 204 - SubmissionsAnalysis.         routine() 11nshzi
2023-03-11 09:35:31,023    INFO          analyzer.py: 204 - SubmissionsAnalysis.         routine() 11nrxpv
2023-03-11 09:35:31,033    INFO          analyzer.py: 204 - SubmissionsAnalysis.         routine() 11nv80g
2023-03-11 09:35:31,043    INFO          analyzer.py: 204 - SubmissionsAnalysis.         routine() 11nxm23
2023-03-11 09:35:31,053    INFO          analyzer.py: 204 - SubmissionsAnalysis.         routine() 11o3hcg
2023-03-11 09:35:31,063    INFO          analyzer.py: 204 - SubmissionsAnalysis.         routine() 11o2nsf
2023-03-11 09:35:31,073    INFO          analyzer.py: 204 - SubmissionsAnalysis.         routine() 11o042d
2023-03-11 09:35:31,084    INFO          analyzer.py: 204 - SubmissionsAnalysis.         routine() 11o0p70
2023-03-11 09:35:31,093    INFO          analyzer.py: 204 - SubmissionsAnalysis.         routine() 11nyf4g
2023-03-11 09:35:31,103    INFO          analyzer.py: 204 - SubmissionsAnalysis.         routine() 11nwpx1
2023-03-11 09:35:31,113    INFO          analyzer.py: 204 - SubmissionsAnalysis.         routine() 11ny9ag
2023-03-11 09:35:31,131    INFO          analyzer.py: 204 - SubmissionsAnalysis.         routine() 11nrbr3
2023-03-11 09:36:56,398    INFO          analyzer.py: 204 - SubmissionsAnalysis.         routine() 11lujzp
2023-03-11 09:36:56,408    INFO          analyzer.py: 204 - SubmissionsAnalysis.         routine() 11hylr5
2023-03-11 09:36:56,418    INFO          analyzer.py: 204 - SubmissionsAnalysis.         routine() 11nog51
2023-03-11 09:36:56,429    INFO          analyzer.py: 204 - SubmissionsAnalysis.         routine() 11mmadr
2023-03-11 09:36:56,439    INFO          analyzer.py: 204 - SubmissionsAnalysis.         routine() 11lo579
2023-03-11 09:36:56,449    INFO          analyzer.py: 204 - SubmissionsAnalysis.         routine() 11la3lm
2023-03-11 09:36:56,460    INFO          analyzer.py: 204 - SubmissionsAnalysis.         routine() 11ms8zw
2023-03-11 09:36:56,470    INFO          analyzer.py: 204 - SubmissionsAnalysis.         routine() 11n3gd8
2023-03-11 09:36:56,480    INFO          analyzer.py: 204 - SubmissionsAnalysis.         routine() 11m4an0
2023-03-11 09:36:56,491    INFO          analyzer.py: 204 - SubmissionsAnalysis.         routine() 11lxnwf
2023-03-11 09:37:26,749    INFO          analyzer.py: 204 - SubmissionsAnalysis.         routine() 11non8s
2023-03-11 09:37:26,759    INFO          analyzer.py: 204 - SubmissionsAnalysis.         routine() 11ntpdr
2023-03-11 09:37:26,770    INFO          analyzer.py: 204 - SubmissionsAnalysis.         routine() 11o3mqk
2023-03-11 09:37:26,779    INFO          analyzer.py: 204 - SubmissionsAnalysis.         routine() 11nxyvr
2023-03-11 09:37:26,788    INFO          analyzer.py: 204 - SubmissionsAnalysis.         routine() 11o01gv
2023-03-11 09:37:26,798    INFO          analyzer.py: 204 - SubmissionsAnalysis.         routine() 11nwstu
2023-03-11 09:37:26,808    INFO          analyzer.py: 204 - SubmissionsAnalysis.         routine() 11nxywc
2023-03-11 09:37:26,818    INFO          analyzer.py: 204 - SubmissionsAnalysis.         routine() 11o4f94
2023-03-11 09:37:26,829    INFO          analyzer.py: 204 - SubmissionsAnalysis.         routine() 11ndzt6
2023-03-11 09:37:26,838    INFO          analyzer.py: 204 - SubmissionsAnalysis.         routine() 11o3ix2
2023-03-11 10:02:13,825    INFO          analyzer.py: 204 - SubmissionsAnalysis.         routine() 11nn7jm
2023-03-11 10:02:13,842    INFO          analyzer.py: 204 - SubmissionsAnalysis.         routine() 10r5t8d
2023-03-11 10:02:13,852    INFO          analyzer.py: 204 - SubmissionsAnalysis.         routine() 11fmrcw
2023-03-11 10:02:13,870    INFO          analyzer.py: 204 - SubmissionsAnalysis.         routine() 11ntqan
2023-03-11 10:02:13,879    INFO          analyzer.py: 204 - SubmissionsAnalysis.         routine() hbjw0c
2023-03-11 10:02:13,897    INFO          analyzer.py: 204 - SubmissionsAnalysis.         routine() 11nu50q
2023-03-11 10:02:13,906    INFO          analyzer.py: 204 - SubmissionsAnalysis.         routine() 11nnemq
2023-03-11 10:02:13,916    INFO          analyzer.py: 204 - SubmissionsAnalysis.         routine() 11jgteg
