-------------- LOG FILE FOR SubmissionsAnalysis --------------
2023-03-12 10:09:56,669    INFO          analyzer.py: 204 - SubmissionsAnalysis.         routine() 11o7e4p
2023-03-12 10:09:56,678    INFO          analyzer.py: 204 - SubmissionsAnalysis.         routine() 11oxhgh
2023-03-12 10:18:28,239    INFO          analyzer.py: 204 - SubmissionsAnalysis.         routine() 11ooaad
2023-03-12 10:18:28,253    INFO          analyzer.py: 204 - SubmissionsAnalysis.         routine() 11ox69q
2023-03-12 10:18:28,270    INFO          analyzer.py: 204 - SubmissionsAnalysis.         routine() 11oq5rh
2023-03-21 18:27:12,507    INFO          analyzer.py: 204 - SubmissionsAnalysis.         routine() 11wvq2i
2023-03-21 18:27:12,520    INFO          analyzer.py: 204 - SubmissionsAnalysis.         routine() 11x657o
2023-03-21 18:27:12,533    INFO          analyzer.py: 204 - SubmissionsAnalysis.         routine() 11wicnh
2023-03-21 18:27:12,547    INFO          analyzer.py: 204 - SubmissionsAnalysis.         routine() 11x6km6
2023-03-21 18:27:12,558    INFO          analyzer.py: 204 - SubmissionsAnalysis.         routine() 11xao7d
2023-03-21 18:27:12,571    INFO          analyzer.py: 204 - SubmissionsAnalysis.         routine() 11w1m4f
2023-03-21 18:27:12,582    INFO          analyzer.py: 204 - SubmissionsAnalysis.         routine() 11x4pk8
2023-03-21 18:27:12,595    INFO          analyzer.py: 204 - SubmissionsAnalysis.         routine() 11x52dq
2023-03-21 18:27:12,607    INFO          analyzer.py: 204 - SubmissionsAnalysis.         routine() 11xakf3
2023-03-21 18:27:12,619    INFO          analyzer.py: 204 - SubmissionsAnalysis.         routine() 11x3av4
2023-03-21 18:27:12,630    INFO          analyzer.py: 204 - SubmissionsAnalysis.         routine() 11wl857
2023-03-21 18:27:12,650    INFO          analyzer.py: 204 - SubmissionsAnalysis.         routine() 11xb3b0
2023-03-21 18:27:12,664    INFO          analyzer.py: 204 - SubmissionsAnalysis.         routine() 11x1h81
2023-03-21 18:27:12,676    INFO          analyzer.py: 204 - SubmissionsAnalysis.         routine() 11xamru
2023-03-21 18:27:12,696    INFO          analyzer.py: 204 - SubmissionsAnalysis.         routine() 11x8nhp
2023-03-21 18:27:12,707    INFO          analyzer.py: 204 - SubmissionsAnalysis.         routine() 11xau9x
2023-03-21 18:27:43,635    INFO          analyzer.py: 204 - SubmissionsAnalysis.         routine() 11x770j
2023-03-21 18:27:43,646    INFO          analyzer.py: 204 - SubmissionsAnalysis.         routine() 11wtvwm
2023-03-21 18:27:43,667    INFO          analyzer.py: 204 - SubmissionsAnalysis.         routine() 11x5aap
2023-03-21 18:27:43,689    INFO          analyzer.py: 204 - SubmissionsAnalysis.         routine() 11wzf2x
2023-03-21 18:27:43,701    INFO          analyzer.py: 204 - SubmissionsAnalysis.         routine() 11wh8aa
2023-03-21 18:27:43,713    INFO          analyzer.py: 204 - SubmissionsAnalysis.         routine() 11x5q4m
2023-03-21 18:27:43,736    INFO          analyzer.py: 204 - SubmissionsAnalysis.         routine() 11wj71v
2023-03-21 18:28:11,749    INFO          analyzer.py: 204 - SubmissionsAnalysis.         routine() 11wt1f9
2023-03-21 18:28:11,761    INFO          analyzer.py: 204 - SubmissionsAnalysis.         routine() 11x995k
2023-03-21 18:28:11,781    INFO          analyzer.py: 204 - SubmissionsAnalysis.         routine() 11x6nof
2023-03-21 18:28:11,802    INFO          analyzer.py: 204 - SubmissionsAnalysis.         routine() 11x8lxu
2023-03-21 18:28:11,814    INFO          analyzer.py: 204 - SubmissionsAnalysis.         routine() 11x3xui
2023-03-21 18:28:11,834    INFO          analyzer.py: 204 - SubmissionsAnalysis.         routine() 11x9dwm
2023-03-21 18:28:11,846    INFO          analyzer.py: 204 - SubmissionsAnalysis.         routine() 11x64q0
2023-03-21 18:28:11,867    INFO          analyzer.py: 204 - SubmissionsAnalysis.         routine() 11x8efx
2023-03-21 18:28:11,889    INFO          analyzer.py: 204 - SubmissionsAnalysis.         routine() 11x627t
2023-03-21 18:28:11,902    INFO          analyzer.py: 204 - SubmissionsAnalysis.         routine() 11ww2z2
2023-03-21 18:28:11,924    INFO          analyzer.py: 204 - SubmissionsAnalysis.         routine() 11x45wz
2023-03-21 18:28:11,938    INFO          analyzer.py: 204 - SubmissionsAnalysis.         routine() 11wtu9m
2023-03-21 18:28:11,953    INFO          analyzer.py: 204 - SubmissionsAnalysis.         routine() 11x6aal
2023-03-21 18:28:11,965    INFO          analyzer.py: 204 - SubmissionsAnalysis.         routine() 11x0rah
2023-03-21 18:28:11,976    INFO          analyzer.py: 204 - SubmissionsAnalysis.         routine() 11wyqkw
2023-03-21 18:28:11,988    INFO          analyzer.py: 204 - SubmissionsAnalysis.         routine() 11xa0bn
2023-03-21 18:28:12,000    INFO          analyzer.py: 204 - SubmissionsAnalysis.         routine() 11tasne
2023-03-21 18:28:12,022    INFO          analyzer.py: 204 - SubmissionsAnalysis.         routine() 11x54op
2023-03-21 18:28:12,036    INFO          analyzer.py: 204 - SubmissionsAnalysis.         routine() 11wg2gk
2023-03-21 18:58:56,695    INFO          analyzer.py: 204 - SubmissionsAnalysis.         routine() 11wmpeq
2023-03-21 18:58:56,748    INFO          analyzer.py: 204 - SubmissionsAnalysis.         routine() 11wgoc1
2023-03-21 18:58:56,770    INFO          analyzer.py: 204 - SubmissionsAnalysis.         routine() 11x9m9x
2023-03-21 18:58:56,783    INFO          analyzer.py: 204 - SubmissionsAnalysis.         routine() 11wfw3i
2023-03-21 18:58:56,796    INFO          analyzer.py: 204 - SubmissionsAnalysis.         routine() 11web21
2023-03-21 18:58:56,819    INFO          analyzer.py: 204 - SubmissionsAnalysis.         routine() 11x2j4y
2023-03-21 18:58:56,835    INFO          analyzer.py: 204 - SubmissionsAnalysis.         routine() 11wzlws
2023-03-21 18:58:56,847    INFO          analyzer.py: 204 - SubmissionsAnalysis.         routine() 11x8gsf
2023-03-21 18:58:56,863    INFO          analyzer.py: 204 - SubmissionsAnalysis.         routine() 11wu8uj
2023-03-21 18:58:56,877    INFO          analyzer.py: 204 - SubmissionsAnalysis.         routine() 11wnxck
2023-03-21 18:58:56,889    INFO          analyzer.py: 204 - SubmissionsAnalysis.         routine() 11xa1rf
2023-03-21 18:58:56,907    INFO          analyzer.py: 204 - SubmissionsAnalysis.         routine() 11wkkw9
2023-03-21 18:58:56,923    INFO          analyzer.py: 204 - SubmissionsAnalysis.         routine() 11wpynv
2023-03-21 18:58:56,936    INFO          analyzer.py: 204 - SubmissionsAnalysis.         routine() 11x7xt7
2023-03-21 18:58:56,958    INFO          analyzer.py: 204 - SubmissionsAnalysis.         routine() 11wghmb
2023-03-21 18:58:56,971    INFO          analyzer.py: 204 - SubmissionsAnalysis.         routine() 11wxqaz
2023-03-21 18:58:56,984    INFO          analyzer.py: 204 - SubmissionsAnalysis.         routine() 11wxmhz
2023-03-21 18:58:57,005    INFO          analyzer.py: 204 - SubmissionsAnalysis.         routine() 11x69bl
2023-03-21 18:58:57,018    INFO          analyzer.py: 204 - SubmissionsAnalysis.         routine() 11wyvi0
2023-03-21 18:58:57,035    INFO          analyzer.py: 204 - SubmissionsAnalysis.         routine() 11wk1vx
2023-03-21 18:58:57,049    INFO          analyzer.py: 204 - SubmissionsAnalysis.         routine() 11wmkm0
2023-03-21 18:58:57,062    INFO          analyzer.py: 204 - SubmissionsAnalysis.         routine() 11wzcng
2023-03-21 18:58:57,074    INFO          analyzer.py: 204 - SubmissionsAnalysis.         routine() 11wwxaa
2023-03-21 18:58:57,087    INFO          analyzer.py: 204 - SubmissionsAnalysis.         routine() 11x36ii
2023-03-21 18:58:57,111    INFO          analyzer.py: 204 - SubmissionsAnalysis.         routine() 11x8j2i
2023-03-21 18:58:57,124    INFO          analyzer.py: 204 - SubmissionsAnalysis.         routine() 11x4nlp
2023-03-21 18:58:57,137    INFO          analyzer.py: 204 - SubmissionsAnalysis.         routine() 11wmpst
2023-03-21 18:58:57,150    INFO          analyzer.py: 204 - SubmissionsAnalysis.         routine() 11wp8qf
2023-03-21 18:58:57,173    INFO          analyzer.py: 204 - SubmissionsAnalysis.         routine() 11wo4lj
2023-03-21 18:58:57,186    INFO          analyzer.py: 204 - SubmissionsAnalysis.         routine() 11x6ttu
2023-03-21 18:58:57,199    INFO          analyzer.py: 204 - SubmissionsAnalysis.         routine() 11wq3ro
2023-03-21 18:58:57,215    INFO          analyzer.py: 204 - SubmissionsAnalysis.         routine() 11wqgve
2023-03-21 18:58:57,229    INFO          analyzer.py: 204 - SubmissionsAnalysis.         routine() 11x3nk6
2023-03-21 18:58:57,243    INFO          analyzer.py: 204 - SubmissionsAnalysis.         routine() 11wmih2
2023-03-21 18:58:57,256    INFO          analyzer.py: 204 - SubmissionsAnalysis.         routine() 11x1q7a
2023-03-21 18:58:57,280    INFO          analyzer.py: 204 - SubmissionsAnalysis.         routine() 11x9dl2
2023-03-21 18:58:57,309    INFO          analyzer.py: 204 - SubmissionsAnalysis.         routine() 11wwxdt
2023-03-21 18:58:57,322    INFO          analyzer.py: 204 - SubmissionsAnalysis.         routine() 11wr3d4
2023-03-21 19:26:39,994    INFO          analyzer.py: 204 - SubmissionsAnalysis.         routine() 11w988r
2023-03-21 19:26:40,016    INFO          analyzer.py: 204 - SubmissionsAnalysis.         routine() 11xadia
2023-03-21 19:26:40,028    INFO          analyzer.py: 204 - SubmissionsAnalysis.         routine() 11w6q2l
2023-03-21 19:26:40,050    INFO          analyzer.py: 204 - SubmissionsAnalysis.         routine() 11x7sf9
2023-03-21 19:26:40,061    INFO          analyzer.py: 204 - SubmissionsAnalysis.         routine() 11wocft
2023-03-21 19:26:40,074    INFO          analyzer.py: 204 - SubmissionsAnalysis.         routine() 11wfzxf
2023-03-21 19:26:40,086    INFO          analyzer.py: 204 - SubmissionsAnalysis.         routine() 11x22ug
2023-03-21 19:31:49,383    INFO          analyzer.py: 204 - SubmissionsAnalysis.         routine() 11x3d7g
2023-03-21 19:31:49,395    INFO          analyzer.py: 204 - SubmissionsAnalysis.         routine() 11x0ufk
2023-03-21 19:31:49,406    INFO          analyzer.py: 204 - SubmissionsAnalysis.         routine() 11x3p9a
2023-03-21 19:31:49,418    INFO          analyzer.py: 204 - SubmissionsAnalysis.         routine() 11wougq
2023-03-21 19:31:49,429    INFO          analyzer.py: 204 - SubmissionsAnalysis.         routine() 11worfd
2023-03-21 19:31:49,440    INFO          analyzer.py: 204 - SubmissionsAnalysis.         routine() 11w7wq0
2023-03-21 19:31:49,452    INFO          analyzer.py: 204 - SubmissionsAnalysis.         routine() 11wkcm4
2023-03-21 19:35:07,749    INFO          analyzer.py: 204 - SubmissionsAnalysis.         routine() 11x892p
2023-03-21 19:35:07,762    INFO          analyzer.py: 204 - SubmissionsAnalysis.         routine() 11x0q79
2023-03-21 19:35:07,774    INFO          analyzer.py: 204 - SubmissionsAnalysis.         routine() 11wpq17
2023-03-21 19:35:07,787    INFO          analyzer.py: 204 - SubmissionsAnalysis.         routine() 11vtzqb
2023-03-21 19:35:07,799    INFO          analyzer.py: 204 - SubmissionsAnalysis.         routine() 11x2g6q
2023-03-21 19:35:07,812    INFO          analyzer.py: 204 - SubmissionsAnalysis.         routine() 11wucsf
2023-03-21 19:35:07,825    INFO          analyzer.py: 204 - SubmissionsAnalysis.         routine() 11x6lgg
2023-03-21 19:35:07,838    INFO          analyzer.py: 204 - SubmissionsAnalysis.         routine() 11x28n4
2023-03-21 19:35:07,852    INFO          analyzer.py: 204 - SubmissionsAnalysis.         routine() 11wtio3
2023-03-21 19:38:22,187    INFO          analyzer.py: 204 - SubmissionsAnalysis.         routine() 11wm83d
2023-03-21 19:38:22,199    INFO          analyzer.py: 204 - SubmissionsAnalysis.         routine() 11wt2fl
2023-03-21 19:38:22,212    INFO          analyzer.py: 204 - SubmissionsAnalysis.         routine() 11vozd5
2023-03-21 19:38:22,226    INFO          analyzer.py: 204 - SubmissionsAnalysis.         routine() 11wxabh
2023-03-21 19:38:22,239    INFO          analyzer.py: 204 - SubmissionsAnalysis.         routine() 11w03sy
2023-03-21 19:38:22,253    INFO          analyzer.py: 204 - SubmissionsAnalysis.         routine() 11wp80k
2023-03-21 19:38:22,267    INFO          analyzer.py: 204 - SubmissionsAnalysis.         routine() 11pgj86
2023-03-21 19:38:22,281    INFO          analyzer.py: 204 - SubmissionsAnalysis.         routine() 11wqmga
2023-03-21 19:39:01,154    INFO          analyzer.py: 204 - SubmissionsAnalysis.         routine() 11wou02
2023-03-21 19:39:01,167    INFO          analyzer.py: 204 - SubmissionsAnalysis.         routine() 11x6ldz
2023-03-21 19:39:01,191    INFO          analyzer.py: 204 - SubmissionsAnalysis.         routine() 11xcv2l
2023-03-21 19:39:01,205    INFO          analyzer.py: 204 - SubmissionsAnalysis.         routine() 11wctzk
2023-03-21 19:39:01,220    INFO          analyzer.py: 204 - SubmissionsAnalysis.         routine() 11wqjff
2023-03-21 19:39:01,234    INFO          analyzer.py: 204 - SubmissionsAnalysis.         routine() 11wmf0t
2023-03-21 19:39:01,248    INFO          analyzer.py: 204 - SubmissionsAnalysis.         routine() 11wdqtd
2023-03-21 19:39:01,260    INFO          analyzer.py: 204 - SubmissionsAnalysis.         routine() 11wttr6
2023-03-21 19:57:14,029    INFO          analyzer.py: 204 - SubmissionsAnalysis.         routine() 11wwsrq
2023-03-21 19:57:14,042    INFO          analyzer.py: 204 - SubmissionsAnalysis.         routine() 11x23pw
2023-03-21 19:57:14,066    INFO          analyzer.py: 204 - SubmissionsAnalysis.         routine() 11wvgtm
2023-03-21 19:57:14,137    INFO          analyzer.py: 204 - SubmissionsAnalysis.         routine() 11wlott
2023-03-21 19:57:14,152    INFO          analyzer.py: 204 - SubmissionsAnalysis.         routine() 11vyi0r
2023-03-21 19:57:14,166    INFO          analyzer.py: 204 - SubmissionsAnalysis.         routine() 11x3fm3
2023-03-21 19:57:14,178    INFO          analyzer.py: 204 - SubmissionsAnalysis.         routine() 10e3nfa
2023-03-21 19:57:14,193    INFO          analyzer.py: 204 - SubmissionsAnalysis.         routine() zg4sgl
2023-03-21 19:57:14,220    INFO          analyzer.py: 204 - SubmissionsAnalysis.         routine() 11x4f9t
2023-03-21 19:57:14,246    INFO          analyzer.py: 204 - SubmissionsAnalysis.         routine() 11wsl3y
2023-03-21 19:57:21,953    INFO          analyzer.py: 204 - SubmissionsAnalysis.         routine() 11wg8v3
2023-03-21 19:57:21,966    INFO          analyzer.py: 204 - SubmissionsAnalysis.         routine() 11wrbx1
2023-03-21 19:57:21,980    INFO          analyzer.py: 204 - SubmissionsAnalysis.         routine() 11vopcb
2023-03-21 19:57:22,006    INFO          analyzer.py: 204 - SubmissionsAnalysis.         routine() 11whrot
2023-03-21 19:57:22,021    INFO          analyzer.py: 204 - SubmissionsAnalysis.         routine() 11x2mkv
2023-03-21 19:57:22,037    INFO          analyzer.py: 204 - SubmissionsAnalysis.         routine() 11wjhfh
2023-03-21 19:57:22,049    INFO          analyzer.py: 204 - SubmissionsAnalysis.         routine() 11wm9u8
2023-03-21 20:08:10,098    INFO          analyzer.py: 204 - SubmissionsAnalysis.         routine() 11tqo8v
2023-03-21 20:08:10,111    INFO          analyzer.py: 204 - SubmissionsAnalysis.         routine() 11w3uip
2023-03-21 20:08:10,130    INFO          analyzer.py: 204 - SubmissionsAnalysis.         routine() 11ujwyx
2023-03-21 20:08:10,145    INFO          analyzer.py: 204 - SubmissionsAnalysis.         routine() 11wqhf6
2023-03-21 20:08:10,158    INFO          analyzer.py: 204 - SubmissionsAnalysis.         routine() 11wh4rb
2023-03-21 20:08:10,172    INFO          analyzer.py: 204 - SubmissionsAnalysis.         routine() 11uwh0y
2023-03-21 20:08:10,194    INFO          analyzer.py: 204 - SubmissionsAnalysis.         routine() 11x6sb9
2023-03-21 20:08:10,213    INFO          analyzer.py: 204 - SubmissionsAnalysis.         routine() 11vve8z
2023-03-21 20:13:35,678    INFO          analyzer.py: 204 - SubmissionsAnalysis.         routine() 11whqly
2023-03-21 20:13:35,691    INFO          analyzer.py: 204 - SubmissionsAnalysis.         routine() 11wa62f
2023-03-21 20:13:35,705    INFO          analyzer.py: 204 - SubmissionsAnalysis.         routine() 11wpvfn
2023-03-21 20:13:35,719    INFO          analyzer.py: 204 - SubmissionsAnalysis.         routine() 11wu0tl
2023-03-21 20:13:35,742    INFO          analyzer.py: 204 - SubmissionsAnalysis.         routine() 11x7q5c
2023-03-21 20:13:35,754    INFO          analyzer.py: 204 - SubmissionsAnalysis.         routine() 11wqrzo
2023-03-21 20:13:35,767    INFO          analyzer.py: 204 - SubmissionsAnalysis.         routine() 11wwgb1
2023-03-21 20:13:35,790    INFO          analyzer.py: 204 - SubmissionsAnalysis.         routine() 11x2uic
2023-03-21 20:13:35,803    INFO          analyzer.py: 204 - SubmissionsAnalysis.         routine() 11wgbuy
2023-03-21 20:13:35,816    INFO          analyzer.py: 204 - SubmissionsAnalysis.         routine() 11wldnn
2023-03-21 22:19:09,225    INFO          analyzer.py: 204 - SubmissionsAnalysis.         routine() 11wo9g4
2023-03-21 22:19:09,270    INFO          analyzer.py: 204 - SubmissionsAnalysis.         routine() 11w8gaw
2023-03-21 22:19:09,294    INFO          analyzer.py: 204 - SubmissionsAnalysis.         routine() 11wyec0
2023-03-21 22:19:09,319    INFO          analyzer.py: 204 - SubmissionsAnalysis.         routine() 11wsph2
2023-03-21 22:19:09,347    INFO          analyzer.py: 204 - SubmissionsAnalysis.         routine() 11wrfec
2023-03-21 22:19:09,397    INFO          analyzer.py: 204 - SubmissionsAnalysis.         routine() 11wmghm
2023-03-21 22:19:09,413    INFO          analyzer.py: 204 - SubmissionsAnalysis.         routine() 11x9e3v
2023-03-21 22:19:09,486    INFO          analyzer.py: 204 - SubmissionsAnalysis.         routine() 11wr9p4
2023-03-21 22:19:09,557    INFO          analyzer.py: 204 - SubmissionsAnalysis.         routine() 11wvrge
2023-03-21 22:19:09,572    INFO          analyzer.py: 204 - SubmissionsAnalysis.         routine() 11x6cj6
2023-03-21 22:19:09,590    INFO          analyzer.py: 204 - SubmissionsAnalysis.         routine() 11x2t80
2023-03-21 22:19:09,617    INFO          analyzer.py: 204 - SubmissionsAnalysis.         routine() 11wif1j
2023-03-21 22:19:09,634    INFO          analyzer.py: 204 - SubmissionsAnalysis.         routine() 11x2l7u
2023-03-21 22:19:09,647    INFO          analyzer.py: 204 - SubmissionsAnalysis.         routine() 11xbov7
2023-03-21 22:19:09,660    INFO          analyzer.py: 204 - SubmissionsAnalysis.         routine() 11xbm1y
2023-03-21 22:19:09,676    INFO          analyzer.py: 204 - SubmissionsAnalysis.         routine() 11x3gny
2023-03-21 22:19:09,692    INFO          analyzer.py: 204 - SubmissionsAnalysis.         routine() 11x485y
2023-03-21 22:19:09,705    INFO          analyzer.py: 204 - SubmissionsAnalysis.         routine() 11x5xei
2023-03-21 22:19:09,722    INFO          analyzer.py: 204 - SubmissionsAnalysis.         routine() 11wsk45
2023-03-21 22:19:09,752    INFO          analyzer.py: 204 - SubmissionsAnalysis.         routine() 11x6o10
2023-03-22 19:38:09,120    INFO          analyzer.py: 204 - SubmissionsAnalysis.         routine() 11y14wf
2023-03-22 19:38:09,131    INFO          analyzer.py: 204 - SubmissionsAnalysis.         routine() 11y4mu5
2023-03-22 19:38:09,151    INFO          analyzer.py: 204 - SubmissionsAnalysis.         routine() 11ydbhf
2023-03-22 19:38:09,162    INFO          analyzer.py: 204 - SubmissionsAnalysis.         routine() 11y0q2q
2023-03-22 19:38:09,182    INFO          analyzer.py: 204 - SubmissionsAnalysis.         routine() 11y6ez6
2023-03-22 19:38:09,193    INFO          analyzer.py: 204 - SubmissionsAnalysis.         routine() 11yc4g5
2023-03-22 19:38:09,206    INFO          analyzer.py: 204 - SubmissionsAnalysis.         routine() 11y310f
2023-03-22 19:38:09,218    INFO          analyzer.py: 204 - SubmissionsAnalysis.         routine() 11ybt9p
2023-03-22 19:38:09,229    INFO          analyzer.py: 204 - SubmissionsAnalysis.         routine() 11xt8rr
2023-03-22 19:39:07,299    INFO          analyzer.py: 204 - SubmissionsAnalysis.         routine() 11ydno6
2023-03-22 19:39:07,311    INFO          analyzer.py: 204 - SubmissionsAnalysis.         routine() 11y4evz
2023-03-22 19:43:42,604    INFO          analyzer.py: 204 - SubmissionsAnalysis.         routine() 11xgjah
2023-03-22 19:43:42,617    INFO          analyzer.py: 204 - SubmissionsAnalysis.         routine() 11y3por
2023-03-22 19:43:42,630    INFO          analyzer.py: 204 - SubmissionsAnalysis.         routine() 11y1pvg
2023-03-22 19:43:42,641    INFO          analyzer.py: 204 - SubmissionsAnalysis.         routine() 11xw45j
2023-03-22 19:43:42,655    INFO          analyzer.py: 204 - SubmissionsAnalysis.         routine() 11y6hcc
2023-03-22 19:43:42,670    INFO          analyzer.py: 204 - SubmissionsAnalysis.         routine() 11y3p92
2023-03-22 19:43:42,682    INFO          analyzer.py: 204 - SubmissionsAnalysis.         routine() 11xs5q2
2023-03-22 19:43:42,695    INFO          analyzer.py: 204 - SubmissionsAnalysis.         routine() 11xtqmz
2023-03-22 19:56:00,452    INFO          analyzer.py: 204 - SubmissionsAnalysis.         routine() 11xdzd5
2023-03-22 19:56:00,464    INFO          analyzer.py: 204 - SubmissionsAnalysis.         routine() 11y7aym
2023-03-22 19:56:00,476    INFO          analyzer.py: 204 - SubmissionsAnalysis.         routine() 11y87ue
2023-03-22 19:56:00,490    INFO          analyzer.py: 204 - SubmissionsAnalysis.         routine() 11xlbm1
2023-03-22 19:56:00,503    INFO          analyzer.py: 204 - SubmissionsAnalysis.         routine() 11y76s3
2023-03-22 19:56:00,517    INFO          analyzer.py: 204 - SubmissionsAnalysis.         routine() 11xft2y
2023-03-22 19:56:00,530    INFO          analyzer.py: 204 - SubmissionsAnalysis.         routine() 11xrncm
2023-03-22 19:56:00,550    INFO          analyzer.py: 204 - SubmissionsAnalysis.         routine() 11y3qtm
2023-03-22 19:56:00,563    INFO          analyzer.py: 204 - SubmissionsAnalysis.         routine() 11xwlu0
2023-03-22 19:56:37,829    INFO          analyzer.py: 204 - SubmissionsAnalysis.         routine() 11xruud
2023-03-22 19:56:37,842    INFO          analyzer.py: 204 - SubmissionsAnalysis.         routine() 11xxica
2023-03-22 21:15:15,525    INFO          analyzer.py: 204 - SubmissionsAnalysis.         routine() 11xhs3o
2023-03-22 21:15:15,539    INFO          analyzer.py: 204 - SubmissionsAnalysis.         routine() 11wfa0k
2023-03-22 21:15:15,549    INFO          analyzer.py: 204 - SubmissionsAnalysis.         routine() 11wl82v
2023-03-22 21:15:15,564    INFO          analyzer.py: 204 - SubmissionsAnalysis.         routine() 11vxk6x
2023-03-22 21:15:15,576    INFO          analyzer.py: 204 - SubmissionsAnalysis.         routine() 11x9iz3
2023-03-22 21:15:15,589    INFO          analyzer.py: 204 - SubmissionsAnalysis.         routine() 11xxvh8
2023-03-22 21:15:15,601    INFO          analyzer.py: 204 - SubmissionsAnalysis.         routine() 11unvv5
2023-03-22 21:15:15,613    INFO          analyzer.py: 204 - SubmissionsAnalysis.         routine() 11wknh4
2023-03-22 21:29:53,802    INFO          analyzer.py: 204 - SubmissionsAnalysis.         routine() 11xuaw6
2023-03-22 21:29:53,815    INFO          analyzer.py: 204 - SubmissionsAnalysis.         routine() 11yfh1k
2023-03-22 21:29:53,830    INFO          analyzer.py: 204 - SubmissionsAnalysis.         routine() 11xmhov
2023-03-22 21:29:53,844    INFO          analyzer.py: 204 - SubmissionsAnalysis.         routine() 11xonu2
2023-03-22 21:29:53,862    INFO          analyzer.py: 204 - SubmissionsAnalysis.         routine() 11y2017
2023-03-22 21:29:53,875    INFO          analyzer.py: 204 - SubmissionsAnalysis.         routine() 11xr36g
2023-03-22 21:29:53,888    INFO          analyzer.py: 204 - SubmissionsAnalysis.         routine() 11y1cew
2023-03-22 21:29:53,903    INFO          analyzer.py: 204 - SubmissionsAnalysis.         routine() 11xwmv9
2023-03-22 21:29:53,915    INFO          analyzer.py: 204 - SubmissionsAnalysis.         routine() 11yg68m
2023-03-22 21:29:53,928    INFO          analyzer.py: 204 - SubmissionsAnalysis.         routine() 11ye5oj
2023-03-22 21:29:53,955    INFO          analyzer.py: 204 - SubmissionsAnalysis.         routine() 11xnj71
2023-03-22 21:29:53,970    INFO          analyzer.py: 204 - SubmissionsAnalysis.         routine() 11xyro3
2023-03-22 21:29:53,982    INFO          analyzer.py: 204 - SubmissionsAnalysis.         routine() 1184n7y
2023-03-22 21:29:53,994    INFO          analyzer.py: 204 - SubmissionsAnalysis.         routine() 11xngfw
2023-03-22 21:29:54,008    INFO          analyzer.py: 204 - SubmissionsAnalysis.         routine() 11x4o4z
2023-03-22 21:29:54,022    INFO          analyzer.py: 204 - SubmissionsAnalysis.         routine() 11xor6v
2023-03-22 21:29:54,038    INFO          analyzer.py: 204 - SubmissionsAnalysis.         routine() 11xoldx
2023-03-22 21:29:54,056    INFO          analyzer.py: 204 - SubmissionsAnalysis.         routine() 11x0x7u
2023-03-22 21:29:54,069    INFO          analyzer.py: 204 - SubmissionsAnalysis.         routine() 11y7a5r
2023-03-22 21:38:58,142    INFO          analyzer.py: 204 - SubmissionsAnalysis.         routine() 11xzl89
2023-03-22 21:38:58,163    INFO          analyzer.py: 204 - SubmissionsAnalysis.         routine() 11yata6
2023-03-22 21:38:58,179    INFO          analyzer.py: 204 - SubmissionsAnalysis.         routine() 11b69dd
2023-03-22 21:38:58,193    INFO          analyzer.py: 204 - SubmissionsAnalysis.         routine() 11xkuy2
2023-03-22 21:38:58,213    INFO          analyzer.py: 204 - SubmissionsAnalysis.         routine() 11tp2td
2023-03-22 21:38:58,226    INFO          analyzer.py: 204 - SubmissionsAnalysis.         routine() 11y7d4r
2023-03-22 21:38:58,237    INFO          analyzer.py: 204 - SubmissionsAnalysis.         routine() 11y65gq
2023-03-22 21:38:58,249    INFO          analyzer.py: 204 - SubmissionsAnalysis.         routine() 11y8oya
2023-04-18 19:58:06,880    INFO          analyzer.py: 204 - SubmissionsAnalysis.         routine() 12pqec0
2023-04-18 19:58:06,893    INFO          analyzer.py: 204 - SubmissionsAnalysis.         routine() 1185dlj
2023-04-18 19:58:06,917    INFO          analyzer.py: 204 - SubmissionsAnalysis.         routine() 12qg7fg
2023-04-18 19:58:06,930    INFO          analyzer.py: 204 - SubmissionsAnalysis.         routine() 12q3mpk
2023-04-18 19:58:06,953    INFO          analyzer.py: 204 - SubmissionsAnalysis.         routine() 12qhwl8
2023-04-18 19:58:06,976    INFO          analyzer.py: 204 - SubmissionsAnalysis.         routine() 12pwaq9
2023-04-18 19:58:06,989    INFO          analyzer.py: 204 - SubmissionsAnalysis.         routine() 12paan6
2023-04-18 19:58:07,004    INFO          analyzer.py: 204 - SubmissionsAnalysis.         routine() 12q5v0e
2023-04-18 19:58:07,029    INFO          analyzer.py: 204 - SubmissionsAnalysis.         routine() 12ovtpw
2023-04-18 19:58:07,051    INFO          analyzer.py: 204 - SubmissionsAnalysis.         routine() 12qhwlf
2023-04-18 20:23:58,524    INFO          analyzer.py: 204 - SubmissionsAnalysis.         routine() 12qd808
2023-04-18 20:23:58,537    INFO          analyzer.py: 204 - SubmissionsAnalysis.         routine() 12ppthk
2023-04-18 20:23:58,550    INFO          analyzer.py: 204 - SubmissionsAnalysis.         routine() 12pftfg
2023-04-18 20:23:58,566    INFO          analyzer.py: 204 - SubmissionsAnalysis.         routine() 12p56dz
2023-04-18 20:23:58,579    INFO          analyzer.py: 204 - SubmissionsAnalysis.         routine() 12pecsw
2023-04-18 20:23:58,594    INFO          analyzer.py: 204 - SubmissionsAnalysis.         routine() 12oiqcd
2023-04-18 20:23:58,609    INFO          analyzer.py: 204 - SubmissionsAnalysis.         routine() 12p4530
2023-04-18 20:36:45,954    INFO          analyzer.py: 204 - SubmissionsAnalysis.         routine() 12ijsxk
2023-04-18 20:36:45,969    INFO          analyzer.py: 204 - SubmissionsAnalysis.         routine() 12knsam
2023-04-18 20:36:45,982    INFO          analyzer.py: 204 - SubmissionsAnalysis.         routine() 12pihwo
2023-04-18 20:36:45,994    INFO          analyzer.py: 204 - SubmissionsAnalysis.         routine() 12puid6
2023-04-18 20:36:46,054    INFO          analyzer.py: 204 - SubmissionsAnalysis.         routine() 12pntox
2023-04-18 21:19:15,736    INFO          analyzer.py: 204 - SubmissionsAnalysis.         routine() 12pgli1
2023-04-18 21:19:22,021    INFO          analyzer.py: 204 - SubmissionsAnalysis.         routine() 12pbx3p
2023-04-18 21:19:22,035    INFO          analyzer.py: 204 - SubmissionsAnalysis.         routine() 12qffyw
2023-04-18 21:19:22,047    INFO          analyzer.py: 204 - SubmissionsAnalysis.         routine() 12pyk1g
2023-04-18 21:19:22,063    INFO          analyzer.py: 204 - SubmissionsAnalysis.         routine() 12pogkk
2023-04-18 21:19:30,557    INFO          analyzer.py: 204 - SubmissionsAnalysis.         routine() 128k8kv
2023-04-18 21:19:30,572    INFO          analyzer.py: 204 - SubmissionsAnalysis.         routine() 12pos58
2023-04-18 21:19:30,587    INFO          analyzer.py: 204 - SubmissionsAnalysis.         routine() 12pem68
2023-04-18 21:19:30,601    INFO          analyzer.py: 204 - SubmissionsAnalysis.         routine() 12q5t34
2023-04-18 21:19:30,614    INFO          analyzer.py: 204 - SubmissionsAnalysis.         routine() 12qgm08
2023-04-18 21:19:35,680    INFO          analyzer.py: 204 - SubmissionsAnalysis.         routine() 12qf65o
2023-04-18 21:19:35,693    INFO          analyzer.py: 204 - SubmissionsAnalysis.         routine() 12ouw8o
2023-04-18 21:19:35,707    INFO          analyzer.py: 204 - SubmissionsAnalysis.         routine() 12q5k0x
2023-04-18 21:19:35,721    INFO          analyzer.py: 204 - SubmissionsAnalysis.         routine() 12pcckv
2023-04-18 21:19:35,736    INFO          analyzer.py: 204 - SubmissionsAnalysis.         routine() 12q78jx
2023-04-18 21:19:39,374    INFO          analyzer.py: 204 - SubmissionsAnalysis.         routine() 12pm2xu
2023-04-18 21:19:39,386    INFO          analyzer.py: 204 - SubmissionsAnalysis.         routine() 12qeh6r
2023-04-18 21:19:39,400    INFO          analyzer.py: 204 - SubmissionsAnalysis.         routine() 12pntqa
2023-04-18 21:26:58,680    INFO          analyzer.py: 204 - SubmissionsAnalysis.         routine() 12pr642
2023-04-18 21:26:58,702    INFO          analyzer.py: 204 - SubmissionsAnalysis.         routine() 12pjtzs
2023-04-18 21:26:58,717    INFO          analyzer.py: 204 - SubmissionsAnalysis.         routine() 12qil9c
2023-04-18 21:26:58,731    INFO          analyzer.py: 204 - SubmissionsAnalysis.         routine() 12qc87p
2023-04-18 21:27:05,989    INFO          analyzer.py: 204 - SubmissionsAnalysis.         routine() 12ppyqv
2023-04-18 21:27:06,002    INFO          analyzer.py: 204 - SubmissionsAnalysis.         routine() 12px4du
2023-04-18 21:27:06,022    INFO          analyzer.py: 204 - SubmissionsAnalysis.         routine() 12pfhk9
2023-04-18 21:55:32,843    INFO          analyzer.py: 204 - SubmissionsAnalysis.         routine() 12q6wj2
2023-04-18 21:55:32,855    INFO          analyzer.py: 204 - SubmissionsAnalysis.         routine() 12qfplv
2023-04-18 21:55:32,876    INFO          analyzer.py: 204 - SubmissionsAnalysis.         routine() 12qg312
2023-04-18 21:55:32,890    INFO          analyzer.py: 204 - SubmissionsAnalysis.         routine() 12q5a86
2023-04-18 21:55:32,912    INFO          analyzer.py: 204 - SubmissionsAnalysis.         routine() 1286et0
2023-04-18 21:58:12,133    INFO          analyzer.py: 204 - SubmissionsAnalysis.         routine() 12jidz0
2023-04-18 21:58:12,160    INFO          analyzer.py: 204 - SubmissionsAnalysis.         routine() 12qefbn
2023-04-18 21:58:12,186    INFO          analyzer.py: 204 - SubmissionsAnalysis.         routine() 12pv49g
2023-04-18 21:58:12,209    INFO          analyzer.py: 204 - SubmissionsAnalysis.         routine() 12n00as
2023-04-19 20:05:15,638    INFO          analyzer.py: 204 - SubmissionsAnalysis.         routine() 12qrtzr
2023-04-19 20:05:15,652    INFO          analyzer.py: 204 - SubmissionsAnalysis.         routine() 12qsh3e
2023-04-19 20:05:15,668    INFO          analyzer.py: 204 - SubmissionsAnalysis.         routine() 12qia7c
2023-04-19 20:05:15,686    INFO          analyzer.py: 204 - SubmissionsAnalysis.         routine() 12qxsxc
2023-04-19 20:15:27,829    INFO          analyzer.py: 204 - SubmissionsAnalysis.         routine() 12qkem8
2023-04-19 20:15:27,841    INFO          analyzer.py: 204 - SubmissionsAnalysis.         routine() 12r5h1f
